{"/Users/bananaloop/.bananaloop/workspaces/69de55269df8e04a5b31af25/src/audit.ts": {"path":"/Users/bananaloop/.bananaloop/workspaces/69de55269df8e04a5b31af25/src/audit.ts","all":false,"statementMap":{"0":{"start":{"line":1,"column":0},"end":{"line":1,"column":52}},"91":{"start":{"line":92,"column":0},"end":{"line":92,"column":31}},"92":{"start":{"line":93,"column":0},"end":{"line":93,"column":36}},"101":{"start":{"line":102,"column":0},"end":{"line":102,"column":49}},"102":{"start":{"line":103,"column":0},"end":{"line":103,"column":36}},"103":{"start":{"line":104,"column":0},"end":{"line":104,"column":3}},"115":{"start":{"line":116,"column":0},"end":{"line":116,"column":102}},"116":{"start":{"line":117,"column":0},"end":{"line":117,"column":46}},"117":{"start":{"line":118,"column":0},"end":{"line":118,"column":9}},"118":{"start":{"line":119,"column":0},"end":{"line":119,"column":61}},"119":{"start":{"line":120,"column":0},"end":{"line":120,"column":65}},"120":{"start":{"line":121,"column":0},"end":{"line":121,"column":19}},"121":{"start":{"line":122,"column":0},"end":{"line":122,"column":65}},"122":{"start":{"line":123,"column":0},"end":{"line":123,"column":5}},"123":{"start":{"line":124,"column":0},"end":{"line":124,"column":3}},"132":{"start":{"line":133,"column":0},"end":{"line":133,"column":26}},"133":{"start":{"line":134,"column":0},"end":{"line":134,"column":29}},"134":{"start":{"line":135,"column":0},"end":{"line":135,"column":3}},"135":{"start":{"line":136,"column":0},"end":{"line":136,"column":1}}},"s":{"0":1,"91":1,"92":1,"101":1,"102":5,"103":5,"115":1,"116":6,"117":6,"118":6,"119":6,"120":6,"121":1,"122":1,"123":6,"132":1,"133":0,"134":0,"135":1},"branchMap":{"0":{"type":"branch","line":93,"loc":{"start":{"line":93,"column":19},"end":{"line":93,"column":36}},"locations":[{"start":{"line":93,"column":19},"end":{"line":93,"column":36}}]},"1":{"type":"branch","line":102,"loc":{"start":{"line":102,"column":2},"end":{"line":104,"column":3}},"locations":[{"start":{"line":102,"column":2},"end":{"line":104,"column":3}}]},"2":{"type":"branch","line":116,"loc":{"start":{"line":116,"column":2},"end":{"line":124,"column":3}},"locations":[{"start":{"line":116,"column":2},"end":{"line":124,"column":3}}]},"3":{"type":"branch","line":121,"loc":{"start":{"line":121,"column":4},"end":{"line":123,"column":5}},"locations":[{"start":{"line":121,"column":4},"end":{"line":123,"column":5}}]}},"b":{"0":[5],"1":[5],"2":[6],"3":[1]},"fnMap":{"0":{"name":"<instance_members_initializer>","decl":{"start":{"line":93,"column":19},"end":{"line":93,"column":36}},"loc":{"start":{"line":93,"column":19},"end":{"line":93,"column":36}},"line":93},"1":{"name":"JsonlAuditLogger","decl":{"start":{"line":102,"column":2},"end":{"line":104,"column":3}},"loc":{"start":{"line":102,"column":2},"end":{"line":104,"column":3}},"line":102},"2":{"name":"log","decl":{"start":{"line":116,"column":2},"end":{"line":124,"column":3}},"loc":{"start":{"line":116,"column":2},"end":{"line":124,"column":3}},"line":116},"3":{"name":"flush","decl":{"start":{"line":133,"column":2},"end":{"line":135,"column":3}},"loc":{"start":{"line":133,"column":2},"end":{"line":135,"column":3}},"line":133}},"f":{"0":5,"1":5,"2":6,"3":0}}
,"/Users/bananaloop/.bananaloop/workspaces/69de55269df8e04a5b31af25/src/envelope.ts": {"path":"/Users/bananaloop/.bananaloop/workspaces/69de55269df8e04a5b31af25/src/envelope.ts","all":false,"statementMap":{"0":{"start":{"line":1,"column":0},"end":{"line":1,"column":3}},"35":{"start":{"line":36,"column":0},"end":{"line":36,"column":35}},"36":{"start":{"line":37,"column":0},"end":{"line":37,"column":19}},"37":{"start":{"line":38,"column":0},"end":{"line":38,"column":34}},"38":{"start":{"line":39,"column":0},"end":{"line":39,"column":11}},"39":{"start":{"line":40,"column":0},"end":{"line":40,"column":45}},"40":{"start":{"line":41,"column":0},"end":{"line":41,"column":77}},"41":{"start":{"line":42,"column":0},"end":{"line":42,"column":30}},"42":{"start":{"line":43,"column":0},"end":{"line":43,"column":3}},"43":{"start":{"line":44,"column":0},"end":{"line":44,"column":69}},"44":{"start":{"line":45,"column":0},"end":{"line":45,"column":60}},"45":{"start":{"line":46,"column":0},"end":{"line":46,"column":1}},"65":{"start":{"line":66,"column":0},"end":{"line":66,"column":35}},"66":{"start":{"line":67,"column":0},"end":{"line":67,"column":23}},"67":{"start":{"line":68,"column":0},"end":{"line":68,"column":17}},"68":{"start":{"line":69,"column":0},"end":{"line":69,"column":18}},"69":{"start":{"line":70,"column":0},"end":{"line":70,"column":11}},"70":{"start":{"line":71,"column":0},"end":{"line":71,"column":29}},"71":{"start":{"line":72,"column":0},"end":{"line":72,"column":51}},"72":{"start":{"line":73,"column":0},"end":{"line":73,"column":19}},"73":{"start":{"line":74,"column":0},"end":{"line":74,"column":1}}},"s":{"0":1,"35":1,"36":21,"37":21,"38":21,"39":21,"40":21,"41":29,"42":29,"43":21,"44":21,"45":21,"65":1,"66":16,"67":16,"68":16,"69":16,"70":16,"71":16,"72":16,"73":16},"branchMap":{"0":{"type":"branch","line":36,"loc":{"start":{"line":36,"column":7},"end":{"line":46,"column":1}},"locations":[{"start":{"line":36,"column":7},"end":{"line":46,"column":1}}]},"1":{"type":"branch","line":41,"loc":{"start":{"line":41,"column":76},"end":{"line":43,"column":3}},"locations":[{"start":{"line":41,"column":76},"end":{"line":43,"column":3}}]},"2":{"type":"branch","line":41,"loc":{"start":{"line":41,"column":45},"end":{"line":41,"column":73}},"locations":[{"start":{"line":41,"column":45},"end":{"line":41,"column":73}}]},"3":{"type":"branch","line":66,"loc":{"start":{"line":66,"column":7},"end":{"line":74,"column":1}},"locations":[{"start":{"line":66,"column":7},"end":{"line":74,"column":1}}]}},"b":{"0":[21],"1":[29],"2":[12],"3":[16]},"fnMap":{"0":{"name":"computePayloadHash","decl":{"start":{"line":36,"column":7},"end":{"line":46,"column":1}},"loc":{"start":{"line":36,"column":7},"end":{"line":46,"column":1}},"line":36},"1":{"name":"computeContextHash","decl":{"start":{"line":66,"column":7},"end":{"line":74,"column":1}},"loc":{"start":{"line":66,"column":7},"end":{"line":74,"column":1}},"line":66}},"f":{"0":21,"1":16}}
,"/Users/bananaloop/.bananaloop/workspaces/69de55269df8e04a5b31af25/src/identity.ts": {"path":"/Users/bananaloop/.bananaloop/workspaces/69de55269df8e04a5b31af25/src/identity.ts","all":false,"statementMap":{"46":{"start":{"line":47,"column":0},"end":{"line":47,"column":36}},"47":{"start":{"line":48,"column":0},"end":{"line":48,"column":63}},"50":{"start":{"line":51,"column":0},"end":{"line":51,"column":42}},"51":{"start":{"line":52,"column":0},"end":{"line":52,"column":25}},"52":{"start":{"line":53,"column":0},"end":{"line":53,"column":45}},"53":{"start":{"line":54,"column":0},"end":{"line":54,"column":5}},"54":{"start":{"line":55,"column":0},"end":{"line":55,"column":86}},"55":{"start":{"line":56,"column":0},"end":{"line":56,"column":67}},"56":{"start":{"line":57,"column":0},"end":{"line":57,"column":5}},"57":{"start":{"line":58,"column":0},"end":{"line":58,"column":36}},"58":{"start":{"line":59,"column":0},"end":{"line":59,"column":29}},"59":{"start":{"line":60,"column":0},"end":{"line":60,"column":50}},"60":{"start":{"line":61,"column":0},"end":{"line":61,"column":23}},"61":{"start":{"line":62,"column":0},"end":{"line":62,"column":7}},"62":{"start":{"line":63,"column":0},"end":{"line":63,"column":3}},"65":{"start":{"line":66,"column":0},"end":{"line":66,"column":49}},"66":{"start":{"line":67,"column":0},"end":{"line":67,"column":53}},"67":{"start":{"line":68,"column":0},"end":{"line":68,"column":3}},"70":{"start":{"line":71,"column":0},"end":{"line":71,"column":40}},"71":{"start":{"line":72,"column":0},"end":{"line":72,"column":39}},"72":{"start":{"line":73,"column":0},"end":{"line":73,"column":3}},"75":{"start":{"line":76,"column":0},"end":{"line":76,"column":53}},"76":{"start":{"line":77,"column":0},"end":{"line":77,"column":36}},"77":{"start":{"line":78,"column":0},"end":{"line":78,"column":3}},"80":{"start":{"line":81,"column":0},"end":{"line":81,"column":29}},"81":{"start":{"line":82,"column":0},"end":{"line":82,"column":44}},"82":{"start":{"line":83,"column":0},"end":{"line":83,"column":3}},"85":{"start":{"line":86,"column":0},"end":{"line":86,"column":17}},"86":{"start":{"line":87,"column":0},"end":{"line":87,"column":24}},"87":{"start":{"line":88,"column":0},"end":{"line":88,"column":3}},"90":{"start":{"line":91,"column":0},"end":{"line":91,"column":22}},"91":{"start":{"line":92,"column":0},"end":{"line":92,"column":28}},"92":{"start":{"line":93,"column":0},"end":{"line":93,"column":3}},"99":{"start":{"line":100,"column":0},"end":{"line":100,"column":72}},"100":{"start":{"line":101,"column":0},"end":{"line":101,"column":33}},"101":{"start":{"line":102,"column":0},"end":{"line":102,"column":32}},"102":{"start":{"line":103,"column":0},"end":{"line":103,"column":5}},"104":{"start":{"line":105,"column":0},"end":{"line":105,"column":48}},"105":{"start":{"line":106,"column":0},"end":{"line":106,"column":22}},"106":{"start":{"line":107,"column":0},"end":{"line":107,"column":33}},"107":{"start":{"line":108,"column":0},"end":{"line":108,"column":5}},"109":{"start":{"line":110,"column":0},"end":{"line":110,"column":72}},"110":{"start":{"line":111,"column":0},"end":{"line":111,"column":12}},"111":{"start":{"line":112,"column":0},"end":{"line":112,"column":31}},"112":{"start":{"line":113,"column":0},"end":{"line":113,"column":63}},"113":{"start":{"line":114,"column":0},"end":{"line":114,"column":6}},"114":{"start":{"line":115,"column":0},"end":{"line":115,"column":3}},"121":{"start":{"line":122,"column":0},"end":{"line":122,"column":19}},"122":{"start":{"line":123,"column":0},"end":{"line":123,"column":20}},"123":{"start":{"line":124,"column":0},"end":{"line":124,"column":20}},"124":{"start":{"line":125,"column":0},"end":{"line":125,"column":89}},"125":{"start":{"line":126,"column":0},"end":{"line":126,"column":18}},"126":{"start":{"line":127,"column":0},"end":{"line":127,"column":55}},"127":{"start":{"line":128,"column":0},"end":{"line":128,"column":12}},"128":{"start":{"line":129,"column":0},"end":{"line":129,"column":14}},"129":{"start":{"line":130,"column":0},"end":{"line":130,"column":14}},"130":{"start":{"line":131,"column":0},"end":{"line":131,"column":15}},"131":{"start":{"line":132,"column":0},"end":{"line":132,"column":16}},"132":{"start":{"line":133,"column":0},"end":{"line":133,"column":6}},"133":{"start":{"line":134,"column":0},"end":{"line":134,"column":3}},"134":{"start":{"line":135,"column":0},"end":{"line":135,"column":1}},"141":{"start":{"line":142,"column":0},"end":{"line":142,"column":72}}},"s":{"46":1,"47":1,"50":1,"51":23,"52":1,"53":1,"54":23,"55":1,"56":1,"57":21,"58":21,"59":21,"60":21,"61":21,"62":23,"65":1,"66":1,"67":1,"70":1,"71":2,"72":2,"75":1,"76":2,"77":2,"80":1,"81":1,"82":1,"85":1,"86":1,"87":1,"90":1,"91":3,"92":3,"99":1,"100":16,"101":2,"102":2,"104":14,"105":16,"106":3,"107":3,"109":11,"110":11,"111":11,"112":16,"113":16,"114":16,"121":1,"122":4,"123":4,"124":4,"125":4,"126":4,"127":4,"128":4,"129":4,"130":4,"131":4,"132":4,"133":4,"134":1,"141":1},"branchMap":{"0":{"type":"branch","line":48,"loc":{"start":{"line":48,"column":19},"end":{"line":48,"column":63}},"locations":[{"start":{"line":48,"column":19},"end":{"line":48,"column":63}}]},"1":{"type":"branch","line":51,"loc":{"start":{"line":51,"column":2},"end":{"line":63,"column":3}},"locations":[{"start":{"line":51,"column":2},"end":{"line":63,"column":3}}]},"2":{"type":"branch","line":52,"loc":{"start":{"line":52,"column":24},"end":{"line":54,"column":5}},"locations":[{"start":{"line":52,"column":24},"end":{"line":54,"column":5}}]},"3":{"type":"branch","line":54,"loc":{"start":{"line":54,"column":4},"end":{"line":55,"column":85}},"locations":[{"start":{"line":54,"column":4},"end":{"line":55,"column":85}}]},"4":{"type":"branch","line":55,"loc":{"start":{"line":55,"column":85},"end":{"line":57,"column":5}},"locations":[{"start":{"line":55,"column":85},"end":{"line":57,"column":5}}]},"5":{"type":"branch","line":57,"loc":{"start":{"line":57,"column":4},"end":{"line":62,"column":7}},"locations":[{"start":{"line":57,"column":4},"end":{"line":62,"column":7}}]},"6":{"type":"branch","line":66,"loc":{"start":{"line":66,"column":2},"end":{"line":68,"column":3}},"locations":[{"start":{"line":66,"column":2},"end":{"line":68,"column":3}}]},"7":{"type":"branch","line":67,"loc":{"start":{"line":67,"column":32},"end":{"line":67,"column":53}},"locations":[{"start":{"line":67,"column":32},"end":{"line":67,"column":53}}]},"8":{"type":"branch","line":71,"loc":{"start":{"line":71,"column":2},"end":{"line":73,"column":3}},"locations":[{"start":{"line":71,"column":2},"end":{"line":73,"column":3}}]},"9":{"type":"branch","line":76,"loc":{"start":{"line":76,"column":2},"end":{"line":78,"column":3}},"locations":[{"start":{"line":76,"column":2},"end":{"line":78,"column":3}}]},"10":{"type":"branch","line":81,"loc":{"start":{"line":81,"column":2},"end":{"line":83,"column":3}},"locations":[{"start":{"line":81,"column":2},"end":{"line":83,"column":3}}]},"11":{"type":"branch","line":86,"loc":{"start":{"line":86,"column":2},"end":{"line":88,"column":3}},"locations":[{"start":{"line":86,"column":2},"end":{"line":88,"column":3}}]},"12":{"type":"branch","line":91,"loc":{"start":{"line":91,"column":2},"end":{"line":93,"column":3}},"locations":[{"start":{"line":91,"column":2},"end":{"line":93,"column":3}}]},"13":{"type":"branch","line":100,"loc":{"start":{"line":100,"column":2},"end":{"line":115,"column":3}},"locations":[{"start":{"line":100,"column":2},"end":{"line":115,"column":3}}]},"14":{"type":"branch","line":101,"loc":{"start":{"line":101,"column":32},"end":{"line":103,"column":5}},"locations":[{"start":{"line":101,"column":32},"end":{"line":103,"column":5}}]},"15":{"type":"branch","line":103,"loc":{"start":{"line":103,"column":4},"end":{"line":106,"column":21}},"locations":[{"start":{"line":103,"column":4},"end":{"line":106,"column":21}}]},"16":{"type":"branch","line":106,"loc":{"start":{"line":106,"column":21},"end":{"line":108,"column":5}},"locations":[{"start":{"line":106,"column":21},"end":{"line":108,"column":5}}]},"17":{"type":"branch","line":108,"loc":{"start":{"line":108,"column":4},"end":{"line":113,"column":40}},"locations":[{"start":{"line":108,"column":4},"end":{"line":113,"column":40}}]},"18":{"type":"branch","line":113,"loc":{"start":{"line":113,"column":23},"end":{"line":113,"column":53}},"locations":[{"start":{"line":113,"column":23},"end":{"line":113,"column":53}}]},"19":{"type":"branch","line":113,"loc":{"start":{"line":113,"column":40},"end":{"line":113,"column":63}},"locations":[{"start":{"line":113,"column":40},"end":{"line":113,"column":63}}]},"20":{"type":"branch","line":122,"loc":{"start":{"line":122,"column":2},"end":{"line":134,"column":3}},"locations":[{"start":{"line":122,"column":2},"end":{"line":134,"column":3}}]}},"b":{"0":[25],"1":[23],"2":[1],"3":[22],"4":[1],"5":[21],"6":[1],"7":[2],"8":[2],"9":[2],"10":[1],"11":[1],"12":[3],"13":[16],"14":[2],"15":[14],"16":[3],"17":[11],"18":[6],"19":[5],"20":[4]},"fnMap":{"0":{"name":"<instance_members_initializer>","decl":{"start":{"line":48,"column":19},"end":{"line":48,"column":63}},"loc":{"start":{"line":48,"column":19},"end":{"line":48,"column":63}},"line":48},"1":{"name":"register","decl":{"start":{"line":51,"column":2},"end":{"line":63,"column":3}},"loc":{"start":{"line":51,"column":2},"end":{"line":63,"column":3}},"line":51},"2":{"name":"registerMany","decl":{"start":{"line":66,"column":2},"end":{"line":68,"column":3}},"loc":{"start":{"line":66,"column":2},"end":{"line":68,"column":3}},"line":66},"3":{"name":"unregister","decl":{"start":{"line":71,"column":2},"end":{"line":73,"column":3}},"loc":{"start":{"line":71,"column":2},"end":{"line":73,"column":3}},"line":71},"4":{"name":"get","decl":{"start":{"line":76,"column":2},"end":{"line":78,"column":3}},"loc":{"start":{"line":76,"column":2},"end":{"line":78,"column":3}},"line":76},"5":{"name":"list","decl":{"start":{"line":81,"column":2},"end":{"line":83,"column":3}},"loc":{"start":{"line":81,"column":2},"end":{"line":83,"column":3}},"line":81},"6":{"name":"clear","decl":{"start":{"line":86,"column":2},"end":{"line":88,"column":3}},"loc":{"start":{"line":86,"column":2},"end":{"line":88,"column":3}},"line":86},"7":{"name":"get size","decl":{"start":{"line":91,"column":2},"end":{"line":93,"column":3}},"loc":{"start":{"line":91,"column":2},"end":{"line":93,"column":3}},"line":91},"8":{"name":"verify","decl":{"start":{"line":100,"column":2},"end":{"line":115,"column":3}},"loc":{"start":{"line":100,"column":2},"end":{"line":115,"column":3}},"line":100},"9":{"name":"buildRuleContext","decl":{"start":{"line":122,"column":2},"end":{"line":134,"column":3}},"loc":{"start":{"line":122,"column":2},"end":{"line":134,"column":3}},"line":122}},"f":{"0":25,"1":23,"2":1,"3":2,"4":2,"5":1,"6":1,"7":3,"8":16,"9":4}}
,"/Users/bananaloop/.bananaloop/workspaces/69de55269df8e04a5b31af25/src/index.ts": {"path":"/Users/bananaloop/.bananaloop/workspaces/69de55269df8e04a5b31af25/src/index.ts","all":false,"statementMap":{"0":{"start":{"line":1,"column":0},"end":{"line":1,"column":81}},"118":{"start":{"line":119,"column":0},"end":{"line":119,"column":104}},"119":{"start":{"line":120,"column":0},"end":{"line":120,"column":44}},"120":{"start":{"line":121,"column":0},"end":{"line":121,"column":48}},"121":{"start":{"line":122,"column":0},"end":{"line":122,"column":89}},"122":{"start":{"line":123,"column":0},"end":{"line":123,"column":10}},"123":{"start":{"line":124,"column":0},"end":{"line":124,"column":13}},"124":{"start":{"line":125,"column":0},"end":{"line":125,"column":26}},"125":{"start":{"line":126,"column":0},"end":{"line":126,"column":28}},"126":{"start":{"line":127,"column":0},"end":{"line":127,"column":73}},"127":{"start":{"line":128,"column":0},"end":{"line":128,"column":77}},"128":{"start":{"line":129,"column":0},"end":{"line":129,"column":4}},"129":{"start":{"line":130,"column":0},"end":{"line":130,"column":1}},"235":{"start":{"line":236,"column":0},"end":{"line":236,"column":38}},"237":{"start":{"line":238,"column":0},"end":{"line":238,"column":62}},"239":{"start":{"line":240,"column":0},"end":{"line":240,"column":31}},"241":{"start":{"line":242,"column":0},"end":{"line":242,"column":106}},"243":{"start":{"line":244,"column":0},"end":{"line":244,"column":74}},"245":{"start":{"line":246,"column":0},"end":{"line":246,"column":113}},"246":{"start":{"line":247,"column":0},"end":{"line":247,"column":2}},"248":{"start":{"line":249,"column":0},"end":{"line":249,"column":62}},"249":{"start":{"line":250,"column":0},"end":{"line":250,"column":50}},"250":{"start":{"line":251,"column":0},"end":{"line":251,"column":56}},"251":{"start":{"line":252,"column":0},"end":{"line":252,"column":49}},"252":{"start":{"line":253,"column":0},"end":{"line":253,"column":56}},"253":{"start":{"line":254,"column":0},"end":{"line":254,"column":50}},"254":{"start":{"line":255,"column":0},"end":{"line":255,"column":3}},"255":{"start":{"line":256,"column":0},"end":{"line":256,"column":14}},"256":{"start":{"line":257,"column":0},"end":{"line":257,"column":1}},"259":{"start":{"line":260,"column":0},"end":{"line":260,"column":63}},"260":{"start":{"line":261,"column":0},"end":{"line":261,"column":55}},"261":{"start":{"line":262,"column":0},"end":{"line":262,"column":35}},"262":{"start":{"line":263,"column":0},"end":{"line":263,"column":45}},"263":{"start":{"line":264,"column":0},"end":{"line":264,"column":32}},"264":{"start":{"line":265,"column":0},"end":{"line":265,"column":47}},"265":{"start":{"line":266,"column":0},"end":{"line":266,"column":42}},"266":{"start":{"line":267,"column":0},"end":{"line":267,"column":5}},"267":{"start":{"line":268,"column":0},"end":{"line":268,"column":3}},"268":{"start":{"line":269,"column":0},"end":{"line":269,"column":15}},"269":{"start":{"line":270,"column":0},"end":{"line":270,"column":1}},"278":{"start":{"line":279,"column":0},"end":{"line":279,"column":56}},"279":{"start":{"line":280,"column":0},"end":{"line":280,"column":62}},"280":{"start":{"line":281,"column":0},"end":{"line":281,"column":2}},"281":{"start":{"line":282,"column":0},"end":{"line":282,"column":46}},"288":{"start":{"line":289,"column":0},"end":{"line":289,"column":45}},"291":{"start":{"line":292,"column":0},"end":{"line":292,"column":72}},"292":{"start":{"line":293,"column":0},"end":{"line":293,"column":31}},"294":{"start":{"line":295,"column":0},"end":{"line":295,"column":31}},"295":{"start":{"line":296,"column":0},"end":{"line":296,"column":32}},"296":{"start":{"line":297,"column":0},"end":{"line":297,"column":98}},"297":{"start":{"line":298,"column":0},"end":{"line":298,"column":50}},"298":{"start":{"line":299,"column":0},"end":{"line":299,"column":90}},"299":{"start":{"line":300,"column":0},"end":{"line":300,"column":1}},"307":{"start":{"line":308,"column":0},"end":{"line":308,"column":67}},"308":{"start":{"line":309,"column":0},"end":{"line":309,"column":16}},"309":{"start":{"line":310,"column":0},"end":{"line":310,"column":2}},"333":{"start":{"line":334,"column":0},"end":{"line":334,"column":47}},"334":{"start":{"line":335,"column":0},"end":{"line":335,"column":7}},"335":{"start":{"line":336,"column":0},"end":{"line":336,"column":62}},"337":{"start":{"line":338,"column":0},"end":{"line":338,"column":66}},"339":{"start":{"line":340,"column":0},"end":{"line":340,"column":20}},"340":{"start":{"line":341,"column":0},"end":{"line":341,"column":9}},"341":{"start":{"line":342,"column":0},"end":{"line":342,"column":47}},"342":{"start":{"line":343,"column":0},"end":{"line":343,"column":32}},"343":{"start":{"line":344,"column":0},"end":{"line":344,"column":59}},"344":{"start":{"line":345,"column":0},"end":{"line":345,"column":30}},"345":{"start":{"line":346,"column":0},"end":{"line":346,"column":97}},"346":{"start":{"line":347,"column":0},"end":{"line":347,"column":15}},"347":{"start":{"line":348,"column":0},"end":{"line":348,"column":7}},"348":{"start":{"line":349,"column":0},"end":{"line":349,"column":20}},"349":{"start":{"line":350,"column":0},"end":{"line":350,"column":5}},"351":{"start":{"line":352,"column":0},"end":{"line":352,"column":54}},"352":{"start":{"line":353,"column":0},"end":{"line":353,"column":34}},"353":{"start":{"line":354,"column":0},"end":{"line":354,"column":82}},"354":{"start":{"line":355,"column":0},"end":{"line":355,"column":5}},"356":{"start":{"line":357,"column":0},"end":{"line":357,"column":56}},"360":{"start":{"line":361,"column":0},"end":{"line":361,"column":45}},"361":{"start":{"line":362,"column":0},"end":{"line":362,"column":49}},"362":{"start":{"line":363,"column":0},"end":{"line":363,"column":13}},"363":{"start":{"line":364,"column":0},"end":{"line":364,"column":40}},"364":{"start":{"line":365,"column":0},"end":{"line":365,"column":17}},"365":{"start":{"line":366,"column":0},"end":{"line":366,"column":23}},"366":{"start":{"line":367,"column":0},"end":{"line":367,"column":116}},"367":{"start":{"line":368,"column":0},"end":{"line":368,"column":12}},"368":{"start":{"line":369,"column":0},"end":{"line":369,"column":9}},"369":{"start":{"line":370,"column":0},"end":{"line":370,"column":14}},"370":{"start":{"line":371,"column":0},"end":{"line":371,"column":40}},"371":{"start":{"line":372,"column":0},"end":{"line":372,"column":7}},"373":{"start":{"line":374,"column":0},"end":{"line":374,"column":14}},"374":{"start":{"line":375,"column":0},"end":{"line":375,"column":27}},"375":{"start":{"line":376,"column":0},"end":{"line":376,"column":31}},"376":{"start":{"line":377,"column":0},"end":{"line":377,"column":14}},"377":{"start":{"line":378,"column":0},"end":{"line":378,"column":68}},"378":{"start":{"line":379,"column":0},"end":{"line":379,"column":62}},"379":{"start":{"line":380,"column":0},"end":{"line":380,"column":23}},"380":{"start":{"line":381,"column":0},"end":{"line":381,"column":7}},"382":{"start":{"line":383,"column":0},"end":{"line":383,"column":43}},"383":{"start":{"line":384,"column":0},"end":{"line":384,"column":32}},"384":{"start":{"line":385,"column":0},"end":{"line":385,"column":40}},"386":{"start":{"line":387,"column":0},"end":{"line":387,"column":99}},"387":{"start":{"line":388,"column":0},"end":{"line":388,"column":17}},"388":{"start":{"line":389,"column":0},"end":{"line":389,"column":115}},"389":{"start":{"line":390,"column":0},"end":{"line":390,"column":3}},"390":{"start":{"line":391,"column":0},"end":{"line":391,"column":1}},"395":{"start":{"line":396,"column":0},"end":{"line":396,"column":78}},"396":{"start":{"line":397,"column":0},"end":{"line":397,"column":49}},"397":{"start":{"line":398,"column":0},"end":{"line":398,"column":53}},"398":{"start":{"line":399,"column":0},"end":{"line":399,"column":65}},"399":{"start":{"line":400,"column":0},"end":{"line":400,"column":46}},"402":{"start":{"line":403,"column":0},"end":{"line":403,"column":57}},"405":{"start":{"line":406,"column":0},"end":{"line":406,"column":52}},"409":{"start":{"line":410,"column":0},"end":{"line":410,"column":22}},"421":{"start":{"line":422,"column":0},"end":{"line":422,"column":179}},"422":{"start":{"line":423,"column":0},"end":{"line":423,"column":57}},"423":{"start":{"line":424,"column":0},"end":{"line":424,"column":93}},"424":{"start":{"line":425,"column":0},"end":{"line":425,"column":76}},"425":{"start":{"line":426,"column":0},"end":{"line":426,"column":54}},"426":{"start":{"line":427,"column":0},"end":{"line":427,"column":71}},"427":{"start":{"line":428,"column":0},"end":{"line":428,"column":56}},"428":{"start":{"line":429,"column":0},"end":{"line":429,"column":1}},"435":{"start":{"line":436,"column":0},"end":{"line":436,"column":35}},"436":{"start":{"line":437,"column":0},"end":{"line":437,"column":47}},"437":{"start":{"line":438,"column":0},"end":{"line":438,"column":19}},"438":{"start":{"line":439,"column":0},"end":{"line":439,"column":29}},"439":{"start":{"line":440,"column":0},"end":{"line":440,"column":41}},"440":{"start":{"line":441,"column":0},"end":{"line":441,"column":42}},"441":{"start":{"line":442,"column":0},"end":{"line":442,"column":43}},"442":{"start":{"line":443,"column":0},"end":{"line":443,"column":45}},"444":{"start":{"line":445,"column":0},"end":{"line":445,"column":31}},"445":{"start":{"line":446,"column":0},"end":{"line":446,"column":82}},"446":{"start":{"line":447,"column":0},"end":{"line":447,"column":26}},"447":{"start":{"line":448,"column":0},"end":{"line":448,"column":119}},"448":{"start":{"line":449,"column":0},"end":{"line":449,"column":206}},"449":{"start":{"line":450,"column":0},"end":{"line":450,"column":48}},"450":{"start":{"line":451,"column":0},"end":{"line":451,"column":92}},"451":{"start":{"line":452,"column":0},"end":{"line":452,"column":95}},"452":{"start":{"line":453,"column":0},"end":{"line":453,"column":98}},"453":{"start":{"line":454,"column":0},"end":{"line":454,"column":7}},"454":{"start":{"line":455,"column":0},"end":{"line":455,"column":13}},"455":{"start":{"line":456,"column":0},"end":{"line":456,"column":5}},"457":{"start":{"line":458,"column":0},"end":{"line":458,"column":137}},"458":{"start":{"line":459,"column":0},"end":{"line":459,"column":196}},"460":{"start":{"line":461,"column":0},"end":{"line":461,"column":16}},"461":{"start":{"line":462,"column":0},"end":{"line":462,"column":36}},"462":{"start":{"line":463,"column":0},"end":{"line":463,"column":116}},"463":{"start":{"line":464,"column":0},"end":{"line":464,"column":152}},"464":{"start":{"line":465,"column":0},"end":{"line":465,"column":48}},"465":{"start":{"line":466,"column":0},"end":{"line":466,"column":89}},"466":{"start":{"line":467,"column":0},"end":{"line":467,"column":95}},"467":{"start":{"line":468,"column":0},"end":{"line":468,"column":88}},"468":{"start":{"line":469,"column":0},"end":{"line":469,"column":7}},"469":{"start":{"line":470,"column":0},"end":{"line":470,"column":13}},"470":{"start":{"line":471,"column":0},"end":{"line":471,"column":5}},"472":{"start":{"line":473,"column":0},"end":{"line":473,"column":99}},"473":{"start":{"line":474,"column":0},"end":{"line":474,"column":78}},"474":{"start":{"line":475,"column":0},"end":{"line":475,"column":7}},"475":{"start":{"line":476,"column":0},"end":{"line":476,"column":3}},"477":{"start":{"line":478,"column":0},"end":{"line":478,"column":28}},"478":{"start":{"line":479,"column":0},"end":{"line":479,"column":73}},"479":{"start":{"line":480,"column":0},"end":{"line":480,"column":23}},"480":{"start":{"line":481,"column":0},"end":{"line":481,"column":116}},"481":{"start":{"line":482,"column":0},"end":{"line":482,"column":206}},"482":{"start":{"line":483,"column":0},"end":{"line":483,"column":48}},"483":{"start":{"line":484,"column":0},"end":{"line":484,"column":89}},"484":{"start":{"line":485,"column":0},"end":{"line":485,"column":95}},"485":{"start":{"line":486,"column":0},"end":{"line":486,"column":95}},"486":{"start":{"line":487,"column":0},"end":{"line":487,"column":7}},"487":{"start":{"line":488,"column":0},"end":{"line":488,"column":13}},"488":{"start":{"line":489,"column":0},"end":{"line":489,"column":5}},"490":{"start":{"line":491,"column":0},"end":{"line":491,"column":137}},"491":{"start":{"line":492,"column":0},"end":{"line":492,"column":200}},"493":{"start":{"line":494,"column":0},"end":{"line":494,"column":21}},"494":{"start":{"line":495,"column":0},"end":{"line":495,"column":36}},"495":{"start":{"line":496,"column":0},"end":{"line":496,"column":113}},"496":{"start":{"line":497,"column":0},"end":{"line":497,"column":149}},"497":{"start":{"line":498,"column":0},"end":{"line":498,"column":48}},"498":{"start":{"line":499,"column":0},"end":{"line":499,"column":86}},"499":{"start":{"line":500,"column":0},"end":{"line":500,"column":95}},"500":{"start":{"line":501,"column":0},"end":{"line":501,"column":85}},"501":{"start":{"line":502,"column":0},"end":{"line":502,"column":7}},"502":{"start":{"line":503,"column":0},"end":{"line":503,"column":13}},"503":{"start":{"line":504,"column":0},"end":{"line":504,"column":5}},"506":{"start":{"line":507,"column":0},"end":{"line":507,"column":78}},"508":{"start":{"line":509,"column":0},"end":{"line":509,"column":99}},"509":{"start":{"line":510,"column":0},"end":{"line":510,"column":54}},"510":{"start":{"line":511,"column":0},"end":{"line":511,"column":39}},"511":{"start":{"line":512,"column":0},"end":{"line":512,"column":22}},"512":{"start":{"line":513,"column":0},"end":{"line":513,"column":93}},"513":{"start":{"line":514,"column":0},"end":{"line":514,"column":7}},"514":{"start":{"line":515,"column":0},"end":{"line":515,"column":7}},"515":{"start":{"line":516,"column":0},"end":{"line":516,"column":3}},"518":{"start":{"line":519,"column":0},"end":{"line":519,"column":9}},"519":{"start":{"line":520,"column":0},"end":{"line":520,"column":1}},"525":{"start":{"line":526,"column":0},"end":{"line":526,"column":35}},"526":{"start":{"line":527,"column":0},"end":{"line":527,"column":16}},"527":{"start":{"line":528,"column":0},"end":{"line":528,"column":70}},"528":{"start":{"line":529,"column":0},"end":{"line":529,"column":47}},"529":{"start":{"line":530,"column":0},"end":{"line":530,"column":19}},"530":{"start":{"line":531,"column":0},"end":{"line":531,"column":29}},"531":{"start":{"line":532,"column":0},"end":{"line":532,"column":64}},"532":{"start":{"line":533,"column":0},"end":{"line":533,"column":41}},"533":{"start":{"line":534,"column":0},"end":{"line":534,"column":126}},"534":{"start":{"line":535,"column":0},"end":{"line":535,"column":33}},"535":{"start":{"line":536,"column":0},"end":{"line":536,"column":43}},"536":{"start":{"line":537,"column":0},"end":{"line":537,"column":45}},"538":{"start":{"line":539,"column":0},"end":{"line":539,"column":32}},"539":{"start":{"line":540,"column":0},"end":{"line":540,"column":72}},"540":{"start":{"line":541,"column":0},"end":{"line":541,"column":138}},"541":{"start":{"line":542,"column":0},"end":{"line":542,"column":42}},"542":{"start":{"line":543,"column":0},"end":{"line":543,"column":11}},"543":{"start":{"line":544,"column":0},"end":{"line":544,"column":3}},"545":{"start":{"line":546,"column":0},"end":{"line":546,"column":30}},"546":{"start":{"line":547,"column":0},"end":{"line":547,"column":70}},"547":{"start":{"line":548,"column":0},"end":{"line":548,"column":136}},"548":{"start":{"line":549,"column":0},"end":{"line":549,"column":40}},"549":{"start":{"line":550,"column":0},"end":{"line":550,"column":71}},"550":{"start":{"line":551,"column":0},"end":{"line":551,"column":91}},"551":{"start":{"line":552,"column":0},"end":{"line":552,"column":79}},"552":{"start":{"line":553,"column":0},"end":{"line":553,"column":3}},"555":{"start":{"line":556,"column":0},"end":{"line":556,"column":109}},"556":{"start":{"line":557,"column":0},"end":{"line":557,"column":122}},"557":{"start":{"line":558,"column":0},"end":{"line":558,"column":139}},"558":{"start":{"line":559,"column":0},"end":{"line":559,"column":44}},"559":{"start":{"line":560,"column":0},"end":{"line":560,"column":50}},"560":{"start":{"line":561,"column":0},"end":{"line":561,"column":77}},"561":{"start":{"line":562,"column":0},"end":{"line":562,"column":91}},"562":{"start":{"line":563,"column":0},"end":{"line":563,"column":96}},"563":{"start":{"line":564,"column":0},"end":{"line":564,"column":3}},"564":{"start":{"line":565,"column":0},"end":{"line":565,"column":55}},"565":{"start":{"line":566,"column":0},"end":{"line":566,"column":9}},"566":{"start":{"line":567,"column":0},"end":{"line":567,"column":1}},"569":{"start":{"line":570,"column":0},"end":{"line":570,"column":31}},"570":{"start":{"line":571,"column":0},"end":{"line":571,"column":42}},"571":{"start":{"line":572,"column":0},"end":{"line":572,"column":16}},"572":{"start":{"line":573,"column":0},"end":{"line":573,"column":19}},"573":{"start":{"line":574,"column":0},"end":{"line":574,"column":18}},"574":{"start":{"line":575,"column":0},"end":{"line":575,"column":18}},"575":{"start":{"line":576,"column":0},"end":{"line":576,"column":21}},"576":{"start":{"line":577,"column":0},"end":{"line":577,"column":25}},"577":{"start":{"line":578,"column":0},"end":{"line":578,"column":20}},"578":{"start":{"line":579,"column":0},"end":{"line":579,"column":18}},"579":{"start":{"line":580,"column":0},"end":{"line":580,"column":31}},"580":{"start":{"line":581,"column":0},"end":{"line":581,"column":29}},"581":{"start":{"line":582,"column":0},"end":{"line":582,"column":33}},"582":{"start":{"line":583,"column":0},"end":{"line":583,"column":17}},"583":{"start":{"line":584,"column":0},"end":{"line":584,"column":13}},"584":{"start":{"line":585,"column":0},"end":{"line":585,"column":10}},"585":{"start":{"line":586,"column":0},"end":{"line":586,"column":13}},"586":{"start":{"line":587,"column":0},"end":{"line":587,"column":12}},"587":{"start":{"line":588,"column":0},"end":{"line":588,"column":12}},"588":{"start":{"line":589,"column":0},"end":{"line":589,"column":15}},"589":{"start":{"line":590,"column":0},"end":{"line":590,"column":19}},"590":{"start":{"line":591,"column":0},"end":{"line":591,"column":13}},"591":{"start":{"line":592,"column":0},"end":{"line":592,"column":5}},"592":{"start":{"line":593,"column":0},"end":{"line":593,"column":1}},"602":{"start":{"line":603,"column":0},"end":{"line":603,"column":85}},"603":{"start":{"line":604,"column":0},"end":{"line":604,"column":39}},"604":{"start":{"line":605,"column":0},"end":{"line":605,"column":65}},"605":{"start":{"line":606,"column":0},"end":{"line":606,"column":21}},"606":{"start":{"line":607,"column":0},"end":{"line":607,"column":1}},"608":{"start":{"line":609,"column":0},"end":{"line":609,"column":93}},"609":{"start":{"line":610,"column":0},"end":{"line":610,"column":88}},"610":{"start":{"line":611,"column":0},"end":{"line":611,"column":126}},"620":{"start":{"line":621,"column":0},"end":{"line":621,"column":63}},"621":{"start":{"line":622,"column":0},"end":{"line":622,"column":27}},"622":{"start":{"line":623,"column":0},"end":{"line":623,"column":123}},"623":{"start":{"line":624,"column":0},"end":{"line":624,"column":3}},"624":{"start":{"line":625,"column":0},"end":{"line":625,"column":81}},"625":{"start":{"line":626,"column":0},"end":{"line":626,"column":21}},"626":{"start":{"line":627,"column":0},"end":{"line":627,"column":21}},"627":{"start":{"line":628,"column":0},"end":{"line":628,"column":4}},"630":{"start":{"line":631,"column":0},"end":{"line":631,"column":100}},"631":{"start":{"line":632,"column":0},"end":{"line":632,"column":41}},"632":{"start":{"line":633,"column":0},"end":{"line":633,"column":9}},"633":{"start":{"line":634,"column":0},"end":{"line":634,"column":61}},"634":{"start":{"line":635,"column":0},"end":{"line":635,"column":72}},"635":{"start":{"line":636,"column":0},"end":{"line":636,"column":185}},"638":{"start":{"line":639,"column":0},"end":{"line":639,"column":34}},"639":{"start":{"line":640,"column":0},"end":{"line":640,"column":5}},"640":{"start":{"line":641,"column":0},"end":{"line":641,"column":50}},"641":{"start":{"line":642,"column":0},"end":{"line":642,"column":38}},"642":{"start":{"line":643,"column":0},"end":{"line":643,"column":40}},"643":{"start":{"line":644,"column":0},"end":{"line":644,"column":101}},"644":{"start":{"line":645,"column":0},"end":{"line":645,"column":35}},"645":{"start":{"line":646,"column":0},"end":{"line":646,"column":6}},"646":{"start":{"line":647,"column":0},"end":{"line":647,"column":9}},"647":{"start":{"line":648,"column":0},"end":{"line":648,"column":21}},"648":{"start":{"line":649,"column":0},"end":{"line":649,"column":29}},"649":{"start":{"line":650,"column":0},"end":{"line":650,"column":7}},"650":{"start":{"line":651,"column":0},"end":{"line":651,"column":6}},"651":{"start":{"line":652,"column":0},"end":{"line":652,"column":7}},"652":{"start":{"line":653,"column":0},"end":{"line":653,"column":4}},"657":{"start":{"line":658,"column":0},"end":{"line":658,"column":119}},"658":{"start":{"line":659,"column":0},"end":{"line":659,"column":170}},"659":{"start":{"line":660,"column":0},"end":{"line":660,"column":91}},"660":{"start":{"line":661,"column":0},"end":{"line":661,"column":70}},"661":{"start":{"line":662,"column":0},"end":{"line":662,"column":3}},"664":{"start":{"line":665,"column":0},"end":{"line":665,"column":7}},"665":{"start":{"line":666,"column":0},"end":{"line":666,"column":84}},"666":{"start":{"line":667,"column":0},"end":{"line":667,"column":97}},"667":{"start":{"line":668,"column":0},"end":{"line":668,"column":118}},"668":{"start":{"line":669,"column":0},"end":{"line":669,"column":238}},"670":{"start":{"line":671,"column":0},"end":{"line":671,"column":119}},"671":{"start":{"line":672,"column":0},"end":{"line":672,"column":73}},"672":{"start":{"line":673,"column":0},"end":{"line":673,"column":39}},"673":{"start":{"line":674,"column":0},"end":{"line":674,"column":80}},"674":{"start":{"line":675,"column":0},"end":{"line":675,"column":103}},"675":{"start":{"line":676,"column":0},"end":{"line":676,"column":93}},"676":{"start":{"line":677,"column":0},"end":{"line":677,"column":42}},"677":{"start":{"line":678,"column":0},"end":{"line":678,"column":5}},"678":{"start":{"line":679,"column":0},"end":{"line":679,"column":54}},"679":{"start":{"line":680,"column":0},"end":{"line":680,"column":17}},"680":{"start":{"line":681,"column":0},"end":{"line":681,"column":74}},"681":{"start":{"line":682,"column":0},"end":{"line":682,"column":91}},"682":{"start":{"line":683,"column":0},"end":{"line":683,"column":87}},"683":{"start":{"line":684,"column":0},"end":{"line":684,"column":3}},"686":{"start":{"line":687,"column":0},"end":{"line":687,"column":44}},"687":{"start":{"line":688,"column":0},"end":{"line":688,"column":9}},"688":{"start":{"line":689,"column":0},"end":{"line":689,"column":94}},"689":{"start":{"line":690,"column":0},"end":{"line":690,"column":108}},"690":{"start":{"line":691,"column":0},"end":{"line":691,"column":133}},"691":{"start":{"line":692,"column":0},"end":{"line":692,"column":45}},"692":{"start":{"line":693,"column":0},"end":{"line":693,"column":83}},"693":{"start":{"line":694,"column":0},"end":{"line":694,"column":114}},"694":{"start":{"line":695,"column":0},"end":{"line":695,"column":95}},"695":{"start":{"line":696,"column":0},"end":{"line":696,"column":44}},"696":{"start":{"line":697,"column":0},"end":{"line":697,"column":7}},"697":{"start":{"line":698,"column":0},"end":{"line":698,"column":61}},"698":{"start":{"line":699,"column":0},"end":{"line":699,"column":19}},"699":{"start":{"line":700,"column":0},"end":{"line":700,"column":81}},"700":{"start":{"line":701,"column":0},"end":{"line":701,"column":93}},"701":{"start":{"line":702,"column":0},"end":{"line":702,"column":86}},"702":{"start":{"line":703,"column":0},"end":{"line":703,"column":5}},"703":{"start":{"line":704,"column":0},"end":{"line":704,"column":3}},"706":{"start":{"line":707,"column":0},"end":{"line":707,"column":39}},"707":{"start":{"line":708,"column":0},"end":{"line":708,"column":78}},"708":{"start":{"line":709,"column":0},"end":{"line":709,"column":91}},"709":{"start":{"line":710,"column":0},"end":{"line":710,"column":11}},"710":{"start":{"line":711,"column":0},"end":{"line":711,"column":3}},"713":{"start":{"line":714,"column":0},"end":{"line":714,"column":23}},"715":{"start":{"line":716,"column":0},"end":{"line":716,"column":41}},"716":{"start":{"line":717,"column":0},"end":{"line":717,"column":11}},"717":{"start":{"line":718,"column":0},"end":{"line":718,"column":93}},"719":{"start":{"line":720,"column":0},"end":{"line":720,"column":70}},"720":{"start":{"line":721,"column":0},"end":{"line":721,"column":50}},"721":{"start":{"line":722,"column":0},"end":{"line":722,"column":135}},"724":{"start":{"line":725,"column":0},"end":{"line":725,"column":90}},"725":{"start":{"line":726,"column":0},"end":{"line":726,"column":58}},"726":{"start":{"line":727,"column":0},"end":{"line":727,"column":16}},"727":{"start":{"line":728,"column":0},"end":{"line":728,"column":76}},"728":{"start":{"line":729,"column":0},"end":{"line":729,"column":9}},"729":{"start":{"line":730,"column":0},"end":{"line":730,"column":21}},"730":{"start":{"line":731,"column":0},"end":{"line":731,"column":77}},"731":{"start":{"line":732,"column":0},"end":{"line":732,"column":95}},"732":{"start":{"line":733,"column":0},"end":{"line":733,"column":83}},"733":{"start":{"line":734,"column":0},"end":{"line":734,"column":7}},"734":{"start":{"line":735,"column":0},"end":{"line":735,"column":5}},"736":{"start":{"line":737,"column":0},"end":{"line":737,"column":78}},"737":{"start":{"line":738,"column":0},"end":{"line":738,"column":91}},"738":{"start":{"line":739,"column":0},"end":{"line":739,"column":11}},"739":{"start":{"line":740,"column":0},"end":{"line":740,"column":7}},"740":{"start":{"line":741,"column":0},"end":{"line":741,"column":2}},"751":{"start":{"line":752,"column":0},"end":{"line":752,"column":99}},"752":{"start":{"line":753,"column":0},"end":{"line":753,"column":238}},"753":{"start":{"line":754,"column":0},"end":{"line":754,"column":7}},"755":{"start":{"line":756,"column":0},"end":{"line":756,"column":63}},"756":{"start":{"line":757,"column":0},"end":{"line":757,"column":91}},"757":{"start":{"line":758,"column":0},"end":{"line":758,"column":143}},"758":{"start":{"line":759,"column":0},"end":{"line":759,"column":85}},"759":{"start":{"line":760,"column":0},"end":{"line":760,"column":42}},"760":{"start":{"line":761,"column":0},"end":{"line":761,"column":5}},"765":{"start":{"line":766,"column":0},"end":{"line":766,"column":83}},"766":{"start":{"line":767,"column":0},"end":{"line":767,"column":31}},"767":{"start":{"line":768,"column":0},"end":{"line":768,"column":33}},"768":{"start":{"line":769,"column":0},"end":{"line":769,"column":6}},"769":{"start":{"line":770,"column":0},"end":{"line":770,"column":84}},"770":{"start":{"line":771,"column":0},"end":{"line":771,"column":39}},"771":{"start":{"line":772,"column":0},"end":{"line":772,"column":83}},"772":{"start":{"line":773,"column":0},"end":{"line":773,"column":87}},"773":{"start":{"line":774,"column":0},"end":{"line":774,"column":99}},"774":{"start":{"line":775,"column":0},"end":{"line":775,"column":14}},"775":{"start":{"line":776,"column":0},"end":{"line":776,"column":54}},"776":{"start":{"line":777,"column":0},"end":{"line":777,"column":8}},"777":{"start":{"line":778,"column":0},"end":{"line":778,"column":5}},"779":{"start":{"line":780,"column":0},"end":{"line":780,"column":84}},"780":{"start":{"line":781,"column":0},"end":{"line":781,"column":81}},"781":{"start":{"line":782,"column":0},"end":{"line":782,"column":11}},"782":{"start":{"line":783,"column":0},"end":{"line":783,"column":17}},"783":{"start":{"line":784,"column":0},"end":{"line":784,"column":70}},"784":{"start":{"line":785,"column":0},"end":{"line":785,"column":89}},"785":{"start":{"line":786,"column":0},"end":{"line":786,"column":11}},"786":{"start":{"line":787,"column":0},"end":{"line":787,"column":3}},"787":{"start":{"line":788,"column":0},"end":{"line":788,"column":2}},"796":{"start":{"line":797,"column":0},"end":{"line":797,"column":83}},"797":{"start":{"line":798,"column":0},"end":{"line":798,"column":171}},"807":{"start":{"line":808,"column":0},"end":{"line":808,"column":98}},"808":{"start":{"line":809,"column":0},"end":{"line":809,"column":76}},"809":{"start":{"line":810,"column":0},"end":{"line":810,"column":9}},"810":{"start":{"line":811,"column":0},"end":{"line":811,"column":2}},"826":{"start":{"line":827,"column":0},"end":{"line":827,"column":40}},"827":{"start":{"line":828,"column":0},"end":{"line":828,"column":60}},"828":{"start":{"line":829,"column":0},"end":{"line":829,"column":46}},"830":{"start":{"line":831,"column":0},"end":{"line":831,"column":26}},"831":{"start":{"line":832,"column":0},"end":{"line":832,"column":7}},"832":{"start":{"line":833,"column":0},"end":{"line":833,"column":86}},"833":{"start":{"line":834,"column":0},"end":{"line":834,"column":39}},"834":{"start":{"line":835,"column":0},"end":{"line":835,"column":12}},"836":{"start":{"line":837,"column":0},"end":{"line":837,"column":25}},"837":{"start":{"line":838,"column":0},"end":{"line":838,"column":26}},"838":{"start":{"line":839,"column":0},"end":{"line":839,"column":7}},"839":{"start":{"line":840,"column":0},"end":{"line":840,"column":53}},"840":{"start":{"line":841,"column":0},"end":{"line":841,"column":22}},"841":{"start":{"line":842,"column":0},"end":{"line":842,"column":42}},"842":{"start":{"line":843,"column":0},"end":{"line":843,"column":25}},"843":{"start":{"line":844,"column":0},"end":{"line":844,"column":55}},"844":{"start":{"line":845,"column":0},"end":{"line":845,"column":22}},"845":{"start":{"line":846,"column":0},"end":{"line":846,"column":42}},"846":{"start":{"line":847,"column":0},"end":{"line":847,"column":18}},"847":{"start":{"line":848,"column":0},"end":{"line":848,"column":43}},"848":{"start":{"line":849,"column":0},"end":{"line":849,"column":12}},"850":{"start":{"line":851,"column":0},"end":{"line":851,"column":26}},"851":{"start":{"line":852,"column":0},"end":{"line":852,"column":7}},"852":{"start":{"line":853,"column":0},"end":{"line":853,"column":75}},"853":{"start":{"line":854,"column":0},"end":{"line":854,"column":12}},"855":{"start":{"line":856,"column":0},"end":{"line":856,"column":63}},"856":{"start":{"line":857,"column":0},"end":{"line":857,"column":1}},"858":{"start":{"line":859,"column":0},"end":{"line":859,"column":46}},"860":{"start":{"line":861,"column":0},"end":{"line":861,"column":32}},"861":{"start":{"line":862,"column":0},"end":{"line":862,"column":24}},"863":{"start":{"line":864,"column":0},"end":{"line":864,"column":36}},"865":{"start":{"line":866,"column":0},"end":{"line":866,"column":46}},"872":{"start":{"line":873,"column":0},"end":{"line":873,"column":98}},"873":{"start":{"line":874,"column":0},"end":{"line":874,"column":107}},"874":{"start":{"line":875,"column":0},"end":{"line":875,"column":110}},"877":{"start":{"line":878,"column":0},"end":{"line":878,"column":20}},"878":{"start":{"line":879,"column":0},"end":{"line":879,"column":106}},"879":{"start":{"line":880,"column":0},"end":{"line":880,"column":13}},"880":{"start":{"line":881,"column":0},"end":{"line":881,"column":5}},"881":{"start":{"line":882,"column":0},"end":{"line":882,"column":21}},"884":{"start":{"line":885,"column":0},"end":{"line":885,"column":31}},"885":{"start":{"line":886,"column":0},"end":{"line":886,"column":53}},"886":{"start":{"line":887,"column":0},"end":{"line":887,"column":84}},"887":{"start":{"line":888,"column":0},"end":{"line":888,"column":84}},"888":{"start":{"line":889,"column":0},"end":{"line":889,"column":84}},"889":{"start":{"line":890,"column":0},"end":{"line":890,"column":75}},"890":{"start":{"line":891,"column":0},"end":{"line":891,"column":74}},"891":{"start":{"line":892,"column":0},"end":{"line":892,"column":64}},"892":{"start":{"line":893,"column":0},"end":{"line":893,"column":67}},"893":{"start":{"line":894,"column":0},"end":{"line":894,"column":84}},"895":{"start":{"line":896,"column":0},"end":{"line":896,"column":125}},"900":{"start":{"line":901,"column":0},"end":{"line":901,"column":34}},"901":{"start":{"line":902,"column":0},"end":{"line":902,"column":85}},"902":{"start":{"line":903,"column":0},"end":{"line":903,"column":6}},"905":{"start":{"line":906,"column":0},"end":{"line":906,"column":96}},"906":{"start":{"line":907,"column":0},"end":{"line":907,"column":39}},"907":{"start":{"line":908,"column":0},"end":{"line":908,"column":47}},"908":{"start":{"line":909,"column":0},"end":{"line":909,"column":55}},"909":{"start":{"line":910,"column":0},"end":{"line":910,"column":28}},"912":{"start":{"line":913,"column":0},"end":{"line":913,"column":32}},"913":{"start":{"line":914,"column":0},"end":{"line":914,"column":50}},"914":{"start":{"line":915,"column":0},"end":{"line":915,"column":36}},"915":{"start":{"line":916,"column":0},"end":{"line":916,"column":59}},"916":{"start":{"line":917,"column":0},"end":{"line":917,"column":35}},"917":{"start":{"line":918,"column":0},"end":{"line":918,"column":5}},"918":{"start":{"line":919,"column":0},"end":{"line":919,"column":84}},"919":{"start":{"line":920,"column":0},"end":{"line":920,"column":83}},"920":{"start":{"line":921,"column":0},"end":{"line":921,"column":84}},"921":{"start":{"line":922,"column":0},"end":{"line":922,"column":84}},"922":{"start":{"line":923,"column":0},"end":{"line":923,"column":38}},"923":{"start":{"line":924,"column":0},"end":{"line":924,"column":45}},"924":{"start":{"line":925,"column":0},"end":{"line":925,"column":5}},"925":{"start":{"line":926,"column":0},"end":{"line":926,"column":36}},"926":{"start":{"line":927,"column":0},"end":{"line":927,"column":61}},"927":{"start":{"line":928,"column":0},"end":{"line":928,"column":5}},"928":{"start":{"line":929,"column":0},"end":{"line":929,"column":84}},"929":{"start":{"line":930,"column":0},"end":{"line":930,"column":79}},"930":{"start":{"line":931,"column":0},"end":{"line":931,"column":78}},"931":{"start":{"line":932,"column":0},"end":{"line":932,"column":80}},"932":{"start":{"line":933,"column":0},"end":{"line":933,"column":80}},"933":{"start":{"line":934,"column":0},"end":{"line":934,"column":125}},"934":{"start":{"line":935,"column":0},"end":{"line":935,"column":5}},"935":{"start":{"line":936,"column":0},"end":{"line":936,"column":84}},"936":{"start":{"line":937,"column":0},"end":{"line":937,"column":84}},"937":{"start":{"line":938,"column":0},"end":{"line":938,"column":28}},"938":{"start":{"line":939,"column":0},"end":{"line":939,"column":69}},"939":{"start":{"line":940,"column":0},"end":{"line":940,"column":35}},"940":{"start":{"line":941,"column":0},"end":{"line":941,"column":36}},"941":{"start":{"line":942,"column":0},"end":{"line":942,"column":104}},"942":{"start":{"line":943,"column":0},"end":{"line":943,"column":84}},"943":{"start":{"line":944,"column":0},"end":{"line":944,"column":55}},"944":{"start":{"line":945,"column":0},"end":{"line":945,"column":73}},"945":{"start":{"line":946,"column":0},"end":{"line":946,"column":5}},"946":{"start":{"line":947,"column":0},"end":{"line":947,"column":84}},"949":{"start":{"line":950,"column":0},"end":{"line":950,"column":9}},"950":{"start":{"line":951,"column":0},"end":{"line":951,"column":64}},"951":{"start":{"line":952,"column":0},"end":{"line":952,"column":50}},"952":{"start":{"line":953,"column":0},"end":{"line":953,"column":69}},"954":{"start":{"line":955,"column":0},"end":{"line":955,"column":67}},"955":{"start":{"line":956,"column":0},"end":{"line":956,"column":41}},"958":{"start":{"line":959,"column":0},"end":{"line":959,"column":70}},"959":{"start":{"line":960,"column":0},"end":{"line":960,"column":72}},"962":{"start":{"line":963,"column":0},"end":{"line":963,"column":107}},"965":{"start":{"line":966,"column":0},"end":{"line":966,"column":37}},"968":{"start":{"line":969,"column":0},"end":{"line":969,"column":72}},"969":{"start":{"line":970,"column":0},"end":{"line":970,"column":27}},"970":{"start":{"line":971,"column":0},"end":{"line":971,"column":48}},"971":{"start":{"line":972,"column":0},"end":{"line":972,"column":34}},"972":{"start":{"line":973,"column":0},"end":{"line":973,"column":31}},"973":{"start":{"line":974,"column":0},"end":{"line":974,"column":93}},"974":{"start":{"line":975,"column":0},"end":{"line":975,"column":78}},"975":{"start":{"line":976,"column":0},"end":{"line":976,"column":28}},"976":{"start":{"line":977,"column":0},"end":{"line":977,"column":80}},"977":{"start":{"line":978,"column":0},"end":{"line":978,"column":13}},"978":{"start":{"line":979,"column":0},"end":{"line":979,"column":12}},"979":{"start":{"line":980,"column":0},"end":{"line":980,"column":10}},"980":{"start":{"line":981,"column":0},"end":{"line":981,"column":33}},"981":{"start":{"line":982,"column":0},"end":{"line":982,"column":35}},"982":{"start":{"line":983,"column":0},"end":{"line":983,"column":7}},"985":{"start":{"line":986,"column":0},"end":{"line":986,"column":63}},"986":{"start":{"line":987,"column":0},"end":{"line":987,"column":24}},"987":{"start":{"line":988,"column":0},"end":{"line":988,"column":60}},"988":{"start":{"line":989,"column":0},"end":{"line":989,"column":38}},"989":{"start":{"line":990,"column":0},"end":{"line":990,"column":36}},"990":{"start":{"line":991,"column":0},"end":{"line":991,"column":31}},"991":{"start":{"line":992,"column":0},"end":{"line":992,"column":93}},"992":{"start":{"line":993,"column":0},"end":{"line":993,"column":78}},"993":{"start":{"line":994,"column":0},"end":{"line":994,"column":28}},"994":{"start":{"line":995,"column":0},"end":{"line":995,"column":77}},"995":{"start":{"line":996,"column":0},"end":{"line":996,"column":13}},"996":{"start":{"line":997,"column":0},"end":{"line":997,"column":12}},"997":{"start":{"line":998,"column":0},"end":{"line":998,"column":10}},"998":{"start":{"line":999,"column":0},"end":{"line":999,"column":45}},"999":{"start":{"line":1000,"column":0},"end":{"line":1000,"column":70}},"1000":{"start":{"line":1001,"column":0},"end":{"line":1001,"column":7}},"1002":{"start":{"line":1003,"column":0},"end":{"line":1003,"column":128}},"1003":{"start":{"line":1004,"column":0},"end":{"line":1004,"column":157}},"1004":{"start":{"line":1005,"column":0},"end":{"line":1005,"column":19}},"1008":{"start":{"line":1009,"column":0},"end":{"line":1009,"column":62}},"1009":{"start":{"line":1010,"column":0},"end":{"line":1010,"column":82}},"1010":{"start":{"line":1011,"column":0},"end":{"line":1011,"column":62}},"1011":{"start":{"line":1012,"column":0},"end":{"line":1012,"column":88}},"1012":{"start":{"line":1013,"column":0},"end":{"line":1013,"column":14}},"1013":{"start":{"line":1014,"column":0},"end":{"line":1014,"column":93}},"1014":{"start":{"line":1015,"column":0},"end":{"line":1015,"column":7}},"1015":{"start":{"line":1016,"column":0},"end":{"line":1016,"column":5}},"1017":{"start":{"line":1018,"column":0},"end":{"line":1018,"column":81}},"1018":{"start":{"line":1019,"column":0},"end":{"line":1019,"column":4}},"1020":{"start":{"line":1021,"column":0},"end":{"line":1021,"column":22}},"1022":{"start":{"line":1023,"column":0},"end":{"line":1023,"column":36}},"1023":{"start":{"line":1024,"column":0},"end":{"line":1024,"column":30}},"1024":{"start":{"line":1025,"column":0},"end":{"line":1025,"column":30}},"1025":{"start":{"line":1026,"column":0},"end":{"line":1026,"column":5}},"1026":{"start":{"line":1027,"column":0},"end":{"line":1027,"column":42}},"1027":{"start":{"line":1028,"column":0},"end":{"line":1028,"column":42}},"1028":{"start":{"line":1029,"column":0},"end":{"line":1029,"column":36}},"1029":{"start":{"line":1030,"column":0},"end":{"line":1030,"column":5}},"1030":{"start":{"line":1031,"column":0},"end":{"line":1031,"column":35}},"1031":{"start":{"line":1032,"column":0},"end":{"line":1032,"column":31}},"1032":{"start":{"line":1033,"column":0},"end":{"line":1033,"column":31}},"1033":{"start":{"line":1034,"column":0},"end":{"line":1034,"column":31}},"1034":{"start":{"line":1035,"column":0},"end":{"line":1035,"column":25}},"1035":{"start":{"line":1036,"column":0},"end":{"line":1036,"column":5}},"1036":{"start":{"line":1037,"column":0},"end":{"line":1037,"column":33}},"1037":{"start":{"line":1038,"column":0},"end":{"line":1038,"column":27}},"1040":{"start":{"line":1041,"column":0},"end":{"line":1041,"column":32}},"1041":{"start":{"line":1042,"column":0},"end":{"line":1042,"column":32}},"1042":{"start":{"line":1043,"column":0},"end":{"line":1043,"column":26}},"1043":{"start":{"line":1044,"column":0},"end":{"line":1044,"column":5}},"1044":{"start":{"line":1045,"column":0},"end":{"line":1045,"column":22}},"1045":{"start":{"line":1046,"column":0},"end":{"line":1046,"column":54}},"1046":{"start":{"line":1047,"column":0},"end":{"line":1047,"column":4}},"1047":{"start":{"line":1048,"column":0},"end":{"line":1048,"column":2}},"1049":{"start":{"line":1050,"column":0},"end":{"line":1050,"column":22}}},"s":{"0":1,"118":0,"119":0,"120":0,"121":0,"122":0,"123":0,"124":0,"125":0,"126":0,"127":0,"128":0,"129":0,"235":1,"237":1,"239":1,"241":1,"243":1,"245":1,"246":1,"248":0,"249":0,"250":0,"251":0,"252":0,"253":0,"254":0,"255":0,"256":0,"259":0,"260":0,"261":0,"262":0,"263":0,"264":0,"265":0,"266":0,"267":0,"268":0,"269":0,"278":1,"279":1,"280":1,"281":1,"288":1,"291":1,"292":1,"294":9,"295":9,"296":0,"297":9,"298":9,"299":9,"307":1,"308":1,"309":1,"333":2,"334":2,"335":2,"337":2,"339":2,"340":2,"341":2,"342":2,"343":2,"344":2,"345":2,"346":2,"347":2,"348":0,"349":0,"351":0,"352":0,"353":0,"354":0,"356":0,"360":0,"361":0,"362":0,"363":0,"364":0,"365":0,"366":0,"367":0,"368":0,"369":0,"370":0,"371":0,"373":0,"374":0,"375":0,"376":0,"377":0,"378":0,"379":0,"380":0,"382":0,"383":0,"384":0,"386":0,"387":0,"388":0,"389":0,"390":2,"395":1,"396":1,"397":1,"398":1,"399":1,"402":1,"405":1,"409":1,"421":0,"422":0,"423":0,"424":0,"425":0,"426":0,"427":0,"428":0,"435":0,"436":0,"437":0,"438":0,"439":0,"440":0,"441":0,"442":0,"444":0,"445":0,"446":0,"447":0,"448":0,"449":0,"450":0,"451":0,"452":0,"453":0,"454":0,"455":0,"457":0,"458":0,"460":0,"461":0,"462":0,"463":0,"464":0,"465":0,"466":0,"467":0,"468":0,"469":0,"470":0,"472":0,"473":0,"474":0,"475":0,"477":0,"478":0,"479":0,"480":0,"481":0,"482":0,"483":0,"484":0,"485":0,"486":0,"487":0,"488":0,"490":0,"491":0,"493":0,"494":0,"495":0,"496":0,"497":0,"498":0,"499":0,"500":0,"501":0,"502":0,"503":0,"506":0,"508":0,"509":0,"510":0,"511":0,"512":0,"513":0,"514":0,"515":0,"518":0,"519":0,"525":0,"526":0,"527":0,"528":0,"529":0,"530":0,"531":0,"532":0,"533":0,"534":0,"535":0,"536":0,"538":0,"539":0,"540":0,"541":0,"542":0,"543":0,"545":0,"546":0,"547":0,"548":0,"549":0,"550":0,"551":0,"552":0,"555":0,"556":0,"557":0,"558":0,"559":0,"560":0,"561":0,"562":0,"563":0,"564":0,"565":0,"566":0,"569":0,"570":0,"571":0,"572":0,"573":0,"574":0,"575":0,"576":0,"577":0,"578":0,"579":0,"580":0,"581":0,"582":0,"583":0,"584":0,"585":0,"586":0,"587":0,"588":0,"589":0,"590":0,"591":0,"592":0,"602":0,"603":0,"604":0,"605":0,"606":0,"608":1,"609":0,"610":0,"620":0,"621":0,"622":0,"623":0,"624":0,"625":0,"626":0,"627":0,"630":0,"631":0,"632":0,"633":0,"634":0,"635":0,"638":0,"639":0,"640":0,"641":0,"642":0,"643":0,"644":0,"645":0,"646":0,"647":0,"648":0,"649":0,"650":0,"651":0,"652":0,"657":0,"658":0,"659":0,"660":0,"661":0,"664":0,"665":0,"666":0,"667":0,"668":0,"670":0,"671":0,"672":0,"673":0,"674":0,"675":0,"676":0,"677":0,"678":0,"679":0,"680":0,"681":0,"682":0,"683":0,"686":0,"687":0,"688":0,"689":0,"690":0,"691":0,"692":0,"693":0,"694":0,"695":0,"696":0,"697":0,"698":0,"699":0,"700":0,"701":0,"702":0,"703":0,"706":0,"707":0,"708":0,"709":0,"710":0,"713":0,"715":0,"716":0,"717":0,"719":0,"720":0,"721":0,"724":0,"725":0,"726":0,"727":0,"728":0,"729":0,"730":0,"731":0,"732":0,"733":0,"734":0,"736":0,"737":0,"738":0,"739":0,"740":0,"751":1,"752":0,"753":0,"755":0,"756":0,"757":0,"758":0,"759":0,"760":0,"765":0,"766":0,"767":0,"768":0,"769":0,"770":0,"771":0,"772":0,"773":0,"774":0,"775":0,"776":0,"777":0,"779":0,"780":0,"781":0,"782":0,"783":0,"784":0,"785":0,"786":0,"787":0,"796":1,"797":0,"807":0,"808":0,"809":0,"810":0,"826":3,"827":3,"828":3,"830":3,"831":3,"832":3,"833":3,"834":3,"836":3,"837":3,"838":3,"839":3,"840":3,"841":3,"842":3,"843":3,"844":3,"845":3,"846":3,"847":3,"848":3,"850":3,"851":3,"852":3,"853":3,"855":3,"856":3,"858":1,"860":1,"861":1,"863":1,"865":1,"872":2,"873":2,"874":2,"877":2,"878":0,"879":0,"880":0,"881":2,"884":2,"885":2,"886":2,"887":2,"888":2,"889":2,"890":2,"891":2,"892":2,"893":2,"895":2,"900":2,"901":0,"902":2,"905":2,"906":2,"907":2,"908":2,"909":2,"912":18,"913":18,"914":0,"915":18,"916":18,"917":18,"918":2,"919":2,"920":2,"921":2,"922":2,"923":6,"924":6,"925":2,"926":0,"927":0,"928":2,"929":2,"930":2,"931":14,"932":14,"933":14,"934":14,"935":2,"936":2,"937":2,"938":18,"939":18,"940":18,"941":0,"942":18,"943":18,"944":18,"945":18,"946":2,"949":2,"950":2,"951":2,"952":2,"954":2,"955":0,"958":0,"959":0,"962":0,"965":0,"968":0,"969":0,"970":0,"971":0,"972":0,"973":0,"974":0,"975":0,"976":0,"977":0,"978":0,"979":0,"980":0,"981":0,"982":0,"985":0,"986":0,"987":0,"988":0,"989":0,"990":0,"991":0,"992":0,"993":0,"994":0,"995":0,"996":0,"997":0,"998":0,"999":0,"1000":0,"1002":2,"1003":2,"1004":2,"1008":2,"1009":2,"1010":2,"1011":2,"1012":2,"1013":0,"1014":0,"1015":2,"1017":2,"1018":2,"1020":1,"1022":15,"1023":0,"1024":0,"1025":0,"1026":15,"1027":0,"1028":0,"1029":0,"1030":15,"1031":15,"1032":15,"1033":0,"1034":0,"1035":0,"1036":15,"1037":15,"1040":15,"1041":2,"1042":2,"1043":2,"1044":15,"1045":15,"1046":15,"1047":1,"1049":1},"branchMap":{"0":{"type":"branch","line":293,"loc":{"start":{"line":293,"column":30},"end":{"line":300,"column":1}},"locations":[{"start":{"line":293,"column":30},"end":{"line":300,"column":1}}]},"1":{"type":"branch","line":296,"loc":{"start":{"line":296,"column":30},"end":{"line":297,"column":98}},"locations":[{"start":{"line":296,"column":30},"end":{"line":297,"column":98}}]},"2":{"type":"branch","line":298,"loc":{"start":{"line":298,"column":42},"end":{"line":298,"column":50}},"locations":[{"start":{"line":298,"column":42},"end":{"line":298,"column":50}}]},"3":{"type":"branch","line":334,"loc":{"start":{"line":334,"column":0},"end":{"line":391,"column":1}},"locations":[{"start":{"line":334,"column":0},"end":{"line":391,"column":1}}]},"4":{"type":"branch","line":342,"loc":{"start":{"line":342,"column":45},"end":{"line":343,"column":13}},"locations":[{"start":{"line":342,"column":45},"end":{"line":343,"column":13}}]},"5":{"type":"branch","line":348,"loc":{"start":{"line":348,"column":6},"end":{"line":390,"column":3}},"locations":[{"start":{"line":348,"column":6},"end":{"line":390,"column":3}}]},"6":{"type":"branch","line":827,"loc":{"start":{"line":827,"column":0},"end":{"line":857,"column":1}},"locations":[{"start":{"line":827,"column":0},"end":{"line":857,"column":1}}]},"7":{"type":"branch","line":834,"loc":{"start":{"line":834,"column":18},"end":{"line":834,"column":39}},"locations":[{"start":{"line":834,"column":18},"end":{"line":834,"column":39}}]},"8":{"type":"branch","line":835,"loc":{"start":{"line":835,"column":2},"end":{"line":835,"column":12}},"locations":[{"start":{"line":835,"column":2},"end":{"line":835,"column":12}}]},"9":{"type":"branch","line":849,"loc":{"start":{"line":849,"column":2},"end":{"line":849,"column":12}},"locations":[{"start":{"line":849,"column":2},"end":{"line":849,"column":12}}]},"10":{"type":"branch","line":854,"loc":{"start":{"line":854,"column":2},"end":{"line":854,"column":12}},"locations":[{"start":{"line":854,"column":2},"end":{"line":854,"column":12}}]},"11":{"type":"branch","line":866,"loc":{"start":{"line":866,"column":2},"end":{"line":1019,"column":4}},"locations":[{"start":{"line":866,"column":2},"end":{"line":1019,"column":4}}]},"12":{"type":"branch","line":878,"loc":{"start":{"line":878,"column":19},"end":{"line":881,"column":5}},"locations":[{"start":{"line":878,"column":19},"end":{"line":881,"column":5}}]},"13":{"type":"branch","line":886,"loc":{"start":{"line":886,"column":37},"end":{"line":886,"column":53}},"locations":[{"start":{"line":886,"column":37},"end":{"line":886,"column":53}}]},"14":{"type":"branch","line":910,"loc":{"start":{"line":910,"column":27},"end":{"line":918,"column":5}},"locations":[{"start":{"line":910,"column":27},"end":{"line":918,"column":5}}]},"15":{"type":"branch","line":914,"loc":{"start":{"line":914,"column":37},"end":{"line":914,"column":50}},"locations":[{"start":{"line":914,"column":37},"end":{"line":914,"column":50}}]},"16":{"type":"branch","line":914,"loc":{"start":{"line":914,"column":42},"end":{"line":915,"column":36}},"locations":[{"start":{"line":914,"column":42},"end":{"line":915,"column":36}}]},"17":{"type":"branch","line":916,"loc":{"start":{"line":916,"column":33},"end":{"line":916,"column":59}},"locations":[{"start":{"line":916,"column":33},"end":{"line":916,"column":59}}]},"18":{"type":"branch","line":923,"loc":{"start":{"line":923,"column":37},"end":{"line":925,"column":5}},"locations":[{"start":{"line":923,"column":37},"end":{"line":925,"column":5}}]},"19":{"type":"branch","line":926,"loc":{"start":{"line":926,"column":35},"end":{"line":928,"column":5}},"locations":[{"start":{"line":926,"column":35},"end":{"line":928,"column":5}}]},"20":{"type":"branch","line":931,"loc":{"start":{"line":931,"column":77},"end":{"line":935,"column":5}},"locations":[{"start":{"line":931,"column":77},"end":{"line":935,"column":5}}]},"21":{"type":"branch","line":938,"loc":{"start":{"line":938,"column":27},"end":{"line":946,"column":5}},"locations":[{"start":{"line":938,"column":27},"end":{"line":946,"column":5}}]},"22":{"type":"branch","line":939,"loc":{"start":{"line":939,"column":34},"end":{"line":939,"column":58}},"locations":[{"start":{"line":939,"column":34},"end":{"line":939,"column":58}}]},"23":{"type":"branch","line":939,"loc":{"start":{"line":939,"column":45},"end":{"line":939,"column":69}},"locations":[{"start":{"line":939,"column":45},"end":{"line":939,"column":69}}]},"24":{"type":"branch","line":941,"loc":{"start":{"line":941,"column":34},"end":{"line":942,"column":104}},"locations":[{"start":{"line":941,"column":34},"end":{"line":942,"column":104}}]},"25":{"type":"branch","line":943,"loc":{"start":{"line":943,"column":42},"end":{"line":943,"column":77}},"locations":[{"start":{"line":943,"column":42},"end":{"line":943,"column":77}}]},"26":{"type":"branch","line":944,"loc":{"start":{"line":944,"column":21},"end":{"line":944,"column":52}},"locations":[{"start":{"line":944,"column":21},"end":{"line":944,"column":52}}]},"27":{"type":"branch","line":955,"loc":{"start":{"line":955,"column":65},"end":{"line":1003,"column":91}},"locations":[{"start":{"line":955,"column":65},"end":{"line":1003,"column":91}}]},"28":{"type":"branch","line":1003,"loc":{"start":{"line":1003,"column":86},"end":{"line":1003,"column":128}},"locations":[{"start":{"line":1003,"column":86},"end":{"line":1003,"column":128}}]},"29":{"type":"branch","line":1004,"loc":{"start":{"line":1004,"column":123},"end":{"line":1004,"column":135}},"locations":[{"start":{"line":1004,"column":123},"end":{"line":1004,"column":135}}]},"30":{"type":"branch","line":1004,"loc":{"start":{"line":1004,"column":127},"end":{"line":1004,"column":138}},"locations":[{"start":{"line":1004,"column":127},"end":{"line":1004,"column":138}}]},"31":{"type":"branch","line":1013,"loc":{"start":{"line":1013,"column":6},"end":{"line":1015,"column":7}},"locations":[{"start":{"line":1013,"column":6},"end":{"line":1015,"column":7}}]},"32":{"type":"branch","line":932,"loc":{"start":{"line":932,"column":43},"end":{"line":932,"column":71}},"locations":[{"start":{"line":932,"column":43},"end":{"line":932,"column":71}}]},"33":{"type":"branch","line":933,"loc":{"start":{"line":933,"column":43},"end":{"line":933,"column":71}},"locations":[{"start":{"line":933,"column":43},"end":{"line":933,"column":71}}]},"34":{"type":"branch","line":1021,"loc":{"start":{"line":1021,"column":2},"end":{"line":1047,"column":4}},"locations":[{"start":{"line":1021,"column":2},"end":{"line":1047,"column":4}}]},"35":{"type":"branch","line":1023,"loc":{"start":{"line":1023,"column":35},"end":{"line":1026,"column":5}},"locations":[{"start":{"line":1023,"column":35},"end":{"line":1026,"column":5}}]},"36":{"type":"branch","line":1027,"loc":{"start":{"line":1027,"column":41},"end":{"line":1030,"column":5}},"locations":[{"start":{"line":1027,"column":41},"end":{"line":1030,"column":5}}]},"37":{"type":"branch","line":1033,"loc":{"start":{"line":1033,"column":30},"end":{"line":1036,"column":5}},"locations":[{"start":{"line":1033,"column":30},"end":{"line":1036,"column":5}}]},"38":{"type":"branch","line":1041,"loc":{"start":{"line":1041,"column":31},"end":{"line":1044,"column":5}},"locations":[{"start":{"line":1041,"column":31},"end":{"line":1044,"column":5}}]}},"b":{"0":[9],"1":[0],"2":[0],"3":[2],"4":[0],"5":[0],"6":[3],"7":[0],"8":[0],"9":[0],"10":[0],"11":[2],"12":[0],"13":[0],"14":[18],"15":[0],"16":[0],"17":[14],"18":[6],"19":[0],"20":[14],"21":[18],"22":[4],"23":[14],"24":[0],"25":[0],"26":[0],"27":[0],"28":[0],"29":[0],"30":[0],"31":[0],"32":[18],"33":[18],"34":[15],"35":[0],"36":[0],"37":[0],"38":[2]},"fnMap":{"0":{"name":"resolveIdentity","decl":{"start":{"line":119,"column":0},"end":{"line":130,"column":1}},"loc":{"start":{"line":119,"column":0},"end":{"line":130,"column":1}},"line":119},"1":{"name":"extractMessageText","decl":{"start":{"line":249,"column":0},"end":{"line":257,"column":1}},"loc":{"start":{"line":249,"column":0},"end":{"line":257,"column":1}},"line":249},"2":{"name":"detectPromptInjection","decl":{"start":{"line":260,"column":0},"end":{"line":270,"column":1}},"loc":{"start":{"line":260,"column":0},"end":{"line":270,"column":1}},"line":260},"3":{"name":"loadJsonRules","decl":{"start":{"line":334,"column":0},"end":{"line":391,"column":1}},"loc":{"start":{"line":334,"column":0},"end":{"line":391,"column":1}},"line":334},"4":{"name":"formatMatchedRule","decl":{"start":{"line":422,"column":0},"end":{"line":429,"column":1}},"loc":{"start":{"line":422,"column":0},"end":{"line":429,"column":1}},"line":422},"5":{"name":"dispatchHitlChannel","decl":{"start":{"line":436,"column":0},"end":{"line":520,"column":1}},"loc":{"start":{"line":436,"column":0},"end":{"line":520,"column":1}},"line":436},"6":{"name":"resolveHitlDecision","decl":{"start":{"line":526,"column":0},"end":{"line":567,"column":1}},"loc":{"start":{"line":526,"column":0},"end":{"line":567,"column":1}},"line":526},"7":{"name":"logHitlDecision","decl":{"start":{"line":570,"column":0},"end":{"line":593,"column":1}},"loc":{"start":{"line":570,"column":0},"end":{"line":593,"column":1}},"line":570},"8":{"name":"determineSourceTrustLevel","decl":{"start":{"line":603,"column":0},"end":{"line":607,"column":1}},"loc":{"start":{"line":603,"column":0},"end":{"line":607,"column":1}},"line":603},"9":{"name":"beforeToolCallHandler","decl":{"start":{"line":609,"column":53},"end":{"line":741,"column":2}},"loc":{"start":{"line":609,"column":53},"end":{"line":741,"column":2}},"line":609},"10":{"name":"beforePromptBuildHandler","decl":{"start":{"line":752,"column":59},"end":{"line":788,"column":2}},"loc":{"start":{"line":752,"column":59},"end":{"line":788,"column":2}},"line":752},"11":{"name":"beforeModelResolveHandler","decl":{"start":{"line":797,"column":61},"end":{"line":811,"column":2}},"loc":{"start":{"line":797,"column":61},"end":{"line":811,"column":2}},"line":797},"12":{"name":"getVersionInfo","decl":{"start":{"line":827,"column":0},"end":{"line":857,"column":1}},"loc":{"start":{"line":827,"column":0},"end":{"line":857,"column":1}},"line":827},"13":{"name":"activate","decl":{"start":{"line":866,"column":2},"end":{"line":1019,"column":4}},"loc":{"start":{"line":866,"column":2},"end":{"line":1019,"column":4}},"line":866},"14":{"name":"deactivate","decl":{"start":{"line":1021,"column":2},"end":{"line":1047,"column":4}},"loc":{"start":{"line":1021,"column":2},"end":{"line":1047,"column":4}},"line":1021}},"f":{"0":0,"1":0,"2":0,"3":2,"4":0,"5":0,"6":0,"7":0,"8":0,"9":0,"10":0,"11":0,"12":3,"13":2,"14":15}}
,"/Users/bananaloop/.bananaloop/workspaces/69de55269df8e04a5b31af25/src/types.ts": {"path":"/Users/bananaloop/.bananaloop/workspaces/69de55269df8e04a5b31af25/src/types.ts","all":true,"statementMap":{},"s":{},"branchMap":{"0":{"type":"branch","line":1,"loc":{"start":{"line":1,"column":3828},"end":{"line":102,"column":1}},"locations":[{"start":{"line":1,"column":3828},"end":{"line":102,"column":1}}]}},"b":{"0":[1]},"fnMap":{"0":{"name":"(empty-report)","decl":{"start":{"line":1,"column":3828},"end":{"line":102,"column":1}},"loc":{"start":{"line":1,"column":3828},"end":{"line":102,"column":1}},"line":1}},"f":{"0":1}}
,"/Users/bananaloop/.bananaloop/workspaces/69de55269df8e04a5b31af25/src/watcher.ts": {"path":"/Users/bananaloop/.bananaloop/workspaces/69de55269df8e04a5b31af25/src/watcher.ts","all":false,"statementMap":{"0":{"start":{"line":1,"column":0},"end":{"line":1,"column":32}},"15":{"start":{"line":16,"column":0},"end":{"line":16,"column":44}},"21":{"start":{"line":22,"column":0},"end":{"line":22,"column":50}},"22":{"start":{"line":23,"column":0},"end":{"line":23,"column":39}},"23":{"start":{"line":24,"column":0},"end":{"line":24,"column":2}},"26":{"start":{"line":27,"column":0},"end":{"line":27,"column":57}},"27":{"start":{"line":28,"column":0},"end":{"line":28,"column":44}},"28":{"start":{"line":29,"column":0},"end":{"line":29,"column":67}},"44":{"start":{"line":45,"column":0},"end":{"line":45,"column":68}},"45":{"start":{"line":46,"column":0},"end":{"line":46,"column":7}},"46":{"start":{"line":47,"column":0},"end":{"line":47,"column":41}},"47":{"start":{"line":48,"column":0},"end":{"line":48,"column":48}},"48":{"start":{"line":49,"column":0},"end":{"line":49,"column":44}},"49":{"start":{"line":50,"column":0},"end":{"line":50,"column":42}},"50":{"start":{"line":51,"column":0},"end":{"line":51,"column":33}},"51":{"start":{"line":52,"column":0},"end":{"line":52,"column":55}},"52":{"start":{"line":53,"column":0},"end":{"line":53,"column":19}},"53":{"start":{"line":54,"column":0},"end":{"line":54,"column":28}},"54":{"start":{"line":55,"column":0},"end":{"line":55,"column":37}},"55":{"start":{"line":56,"column":0},"end":{"line":56,"column":43}},"56":{"start":{"line":57,"column":0},"end":{"line":57,"column":25}},"57":{"start":{"line":58,"column":0},"end":{"line":58,"column":10}},"58":{"start":{"line":59,"column":0},"end":{"line":59,"column":45}},"59":{"start":{"line":60,"column":0},"end":{"line":60,"column":39}},"60":{"start":{"line":61,"column":0},"end":{"line":61,"column":54}},"61":{"start":{"line":62,"column":0},"end":{"line":62,"column":20}},"62":{"start":{"line":63,"column":0},"end":{"line":63,"column":9}},"63":{"start":{"line":64,"column":0},"end":{"line":64,"column":17}},"64":{"start":{"line":65,"column":0},"end":{"line":65,"column":66}},"65":{"start":{"line":66,"column":0},"end":{"line":66,"column":14}},"66":{"start":{"line":67,"column":0},"end":{"line":67,"column":3}},"67":{"start":{"line":68,"column":0},"end":{"line":68,"column":1}},"72":{"start":{"line":73,"column":0},"end":{"line":73,"column":81}},"73":{"start":{"line":74,"column":0},"end":{"line":74,"column":23}},"74":{"start":{"line":75,"column":0},"end":{"line":75,"column":65}},"75":{"start":{"line":76,"column":0},"end":{"line":76,"column":59}},"76":{"start":{"line":77,"column":0},"end":{"line":77,"column":36}},"77":{"start":{"line":78,"column":0},"end":{"line":78,"column":24}},"78":{"start":{"line":79,"column":0},"end":{"line":79,"column":69}},"79":{"start":{"line":80,"column":0},"end":{"line":80,"column":6}},"80":{"start":{"line":81,"column":0},"end":{"line":81,"column":3}},"81":{"start":{"line":82,"column":0},"end":{"line":82,"column":31}},"82":{"start":{"line":83,"column":0},"end":{"line":83,"column":1}},"88":{"start":{"line":89,"column":0},"end":{"line":89,"column":64}},"91":{"start":{"line":92,"column":0},"end":{"line":92,"column":4}},"92":{"start":{"line":93,"column":0},"end":{"line":93,"column":38}},"93":{"start":{"line":94,"column":0},"end":{"line":94,"column":33}},"94":{"start":{"line":95,"column":0},"end":{"line":95,"column":49}},"95":{"start":{"line":96,"column":0},"end":{"line":96,"column":11}},"98":{"start":{"line":99,"column":0},"end":{"line":99,"column":32}},"99":{"start":{"line":100,"column":0},"end":{"line":100,"column":65}},"100":{"start":{"line":101,"column":0},"end":{"line":101,"column":3}},"102":{"start":{"line":103,"column":0},"end":{"line":103,"column":6}},"103":{"start":{"line":104,"column":0},"end":{"line":104,"column":27}},"104":{"start":{"line":105,"column":0},"end":{"line":105,"column":72}},"105":{"start":{"line":106,"column":0},"end":{"line":106,"column":5}},"106":{"start":{"line":107,"column":0},"end":{"line":107,"column":17}},"107":{"start":{"line":108,"column":0},"end":{"line":108,"column":148}},"108":{"start":{"line":109,"column":0},"end":{"line":109,"column":6}},"109":{"start":{"line":110,"column":0},"end":{"line":110,"column":65}},"110":{"start":{"line":111,"column":0},"end":{"line":111,"column":3}},"112":{"start":{"line":113,"column":0},"end":{"line":113,"column":67}},"113":{"start":{"line":114,"column":0},"end":{"line":114,"column":67}},"114":{"start":{"line":115,"column":0},"end":{"line":115,"column":44}},"115":{"start":{"line":116,"column":0},"end":{"line":116,"column":58}},"116":{"start":{"line":117,"column":0},"end":{"line":117,"column":33}},"117":{"start":{"line":118,"column":0},"end":{"line":118,"column":47}},"118":{"start":{"line":119,"column":0},"end":{"line":119,"column":5}},"119":{"start":{"line":120,"column":0},"end":{"line":120,"column":3}},"121":{"start":{"line":122,"column":0},"end":{"line":122,"column":10}},"122":{"start":{"line":123,"column":0},"end":{"line":123,"column":34}},"123":{"start":{"line":124,"column":0},"end":{"line":124,"column":19}},"124":{"start":{"line":125,"column":0},"end":{"line":125,"column":4}},"125":{"start":{"line":126,"column":0},"end":{"line":126,"column":1}},"128":{"start":{"line":129,"column":0},"end":{"line":129,"column":41}},"129":{"start":{"line":130,"column":0},"end":{"line":130,"column":54}},"130":{"start":{"line":131,"column":0},"end":{"line":131,"column":35}},"131":{"start":{"line":132,"column":0},"end":{"line":132,"column":42}},"132":{"start":{"line":133,"column":0},"end":{"line":133,"column":57}},"133":{"start":{"line":134,"column":0},"end":{"line":134,"column":3}},"134":{"start":{"line":135,"column":0},"end":{"line":135,"column":49}},"135":{"start":{"line":136,"column":0},"end":{"line":136,"column":1}},"142":{"start":{"line":143,"column":0},"end":{"line":143,"column":56}},"143":{"start":{"line":144,"column":0},"end":{"line":144,"column":33}},"144":{"start":{"line":145,"column":0},"end":{"line":145,"column":68}},"145":{"start":{"line":146,"column":0},"end":{"line":146,"column":26}},"146":{"start":{"line":147,"column":0},"end":{"line":147,"column":78}},"147":{"start":{"line":148,"column":0},"end":{"line":148,
[...]
,"/Users/bananaloop/.bananaloop/workspaces/69de55269df8e04a5b31af25/src/policy/exporter.ts": {"path":"/Users/bananaloop/.bananaloop/workspaces/69de55269df8e04a5b31af25/src/policy/exporter.ts","all":false,"statementMap":{"0":{"start":{"line":1,"column":0},"end":{"line":1,"column":45}},"47":{"start":{"line":48,"column":0},"end":{"line":48,"column":50}},"48":{"start":{"line":49,"column":0},"end":{"line":49,"column":48}},"49":{"start":{"line":50,"column":0},"end":{"line":50,"column":34}},"50":{"start":{"line":51,"column":0},"end":{"line":51,"column":24}},"51":{"start":{"line":52,"column":0},"end":{"line":52,"column":72}},"52":{"start":{"line":53,"column":0},"end":{"line":53,"column":118}},"53":{"start":{"line":54,"column":0},"end":{"line":54,"column":28}},"54":{"start":{"line":55,"column":0},"end":{"line":55,"column":55}},"55":{"start":{"line":56,"column":0},"end":{"line":56,"column":4}},"57":{"start":{"line":58,"column":0},"end":{"line":58,"column":63}},"58":{"start":{"line":59,"column":0},"end":{"line":59,"column":57}},"59":{"start":{"line":60,"column":0},"end":{"line":60,"column":72}},"60":{"start":{"line":61,"column":0},"end":{"line":61,"column":81}},"61":{"start":{"line":62,"column":0},"end":{"line":62,"column":69}},"63":{"start":{"line":64,"column":0},"end":{"line":64,"column":18}},"64":{"start":{"line":65,"column":0},"end":{"line":65,"column":1}},"78":{"start":{"line":79,"column":0},"end":{"line":79,"column":60}},"79":{"start":{"line":80,"column":0},"end":{"line":80,"column":44}},"80":{"start":{"line":81,"column":0},"end":{"line":81,"column":10}},"81":{"start":{"line":82,"column":0},"end":{"line":82,"column":27}},"82":{"start":{"line":83,"column":0},"end":{"line":83,"column":42}},"83":{"start":{"line":84,"column":0},"end":{"line":84,"column":28}},"84":{"start":{"line":85,"column":0},"end":{"line":85,"column":10}},"85":{"start":{"line":86,"column":0},"end":{"line":86,"column":4}},"86":{"start":{"line":87,"column":0},"end":{"line":87,"column":1}},"95":{"start":{"line":96,"column":0},"end":{"line":96,"column":80}},"96":{"start":{"line":97,"column":0},"end":{"line":97,"column":40}},"97":{"start":{"line":98,"column":0},"end":{"line":98,"column":74}},"98":{"start":{"line":99,"column":0},"end":{"line":99,"column":1}}},"s":{"0":1,"47":85,"48":85,"49":85,"50":85,"51":85,"52":85,"53":85,"54":85,"55":85,"57":85,"58":85,"59":85,"60":85,"61":85,"63":85,"64":85,"78":1,"79":17,"80":17,"81":17,"82":17,"83":17,"84":17,"85":17,"86":17,"95":4,"96":4,"97":4,"98":4},"branchMap":{"0":{"type":"branch","line":48,"loc":{"start":{"line":48,"column":0},"end":{"line":65,"column":1}},"locations":[{"start":{"line":48,"column":0},"end":{"line":65,"column":1}}]},"1":{"type":"branch","line":52,"loc":{"start":{"line":52,"column":64},"end":{"line":52,"column":72}},"locations":[{"start":{"line":52,"column":64},"end":{"line":52,"column":72}}]},"2":{"type":"branch","line":53,"loc":{"start":{"line":53,"column":44},"end":{"line":53,"column":88}},"locations":[{"start":{"line":53,"column":44},"end":{"line":53,"column":88}}]},"3":{"type":"branch","line":53,"loc":{"start":{"line":53,"column":78},"end":{"line":53,"column":110}},"locations":[{"start":{"line":53,"column":78},"end":{"line":53,"column":110}}]},"4":{"type":"branch","line":53,"loc":{"start":{"line":53,"column":110},"end":{"line":53,"column":118}},"locations":[{"start":{"line":53,"column":110},"end":{"line":53,"column":118}}]},"5":{"type":"branch","line":58,"loc":{"start":{"line":58,"column":33},"end":{"line":58,"column":63}},"locations":[{"start":{"line":58,"column":33},"end":{"line":58,"column":63}}]},"6":{"type":"branch","line":59,"loc":{"start":{"line":59,"column":31},"end":{"line":59,"column":57}},"locations":[{"start":{"line":59,"column":31},"end":{"line":59,"column":57}}]},"7":{"type":"branch","line":60,"loc":{"start":{"line":60,"column":36},"end":{"line":60,"column":72}},"locations":[{"start":{"line":60,"column":36},"end":{"line":60,"column":72}}]},"8":{"type":"branch","line":61,"loc":{"start":{"line":61,"column":39},"end":{"line":61,"column":81}},"locations":[{"start":{"line":61,"column":39},"end":{"line":61,"column":81}}]},"9":{"type":"branch","line":62,"loc":{"start":{"line":62,"column":35},"end":{"line":62,"column":69}},"locations":[{"start":{"line":62,"column":35},"end":{"line":62,"column":69}}]},"10":{"type":"branch","line":79,"loc":{"start":{"line":79,"column":7},"end":{"line":87,"column":1}},"locations":[{"start":{"line":79,"column":7},"end":{"line":87,"column":1}}]},"11":{"type":"branch","line":96,"loc":{"start":{"line":96,"column":0},"end":{"line":99,"column":1}},"locations":[{"start":{"line":96,"column":0},"end":{"line":99,"column":1}}]}},"b":{"0":[85],"1":[0],"2":[17],"3":[68],"4":[0],"5":[17],"6":[17],"7":[17],"8":[17],"9":[0],"10":[17],"11":[4]},"fnMap":{"0":{"name":"serializeRule","decl":{"start":{"line":48,"column":0},"end":{"line":65,"column":1}},"loc":{"start":{"line":48,"column":0},"end":{"line":65,"column":1}},"line":48},"1":{"name":"exportBuiltinRules","decl":{"start":{"line":79,"column":7},"end":{"line":87,"column":1}},"loc":{"start":{"line":79,"column":7},"end":{"line":87,"column":1}},"line":79},"2":{"name":"writeBuiltinRulesJson","decl":{"start":{"line":96,"column":0},"end":{"line":99,"column":1}},"loc":{"start":{"line":96,"column":0},"end":{"line":99,"column":1}},"line":96}},"f":{"0":85,"1":17,"2":4}}
,"/Users/bananaloop/.bananaloop/workspaces/69de55269df8e04a5b31af25/src/policy/loader.ts": {"path":"/Users/bananaloop/.bananaloop/workspaces/69de55269df8e04a5b31af25/src/policy/loader.ts","all":false,"statementMap":{"0":{"start":{"line":1,"column":0},"end":{"line":1,"column":44}},"6":{"start":{"line":7,"column":0},"end":{"line":7,"column":38}},"7":{"start":{"line":8,"column":0},"end":{"line":8,"column":40}},"8":{"start":{"line":9,"column":0},"end":{"line":9,"column":45}},"9":{"start":{"line":10,"column":0},"end":{"line":10,"column":3}},"17":{"start":{"line":18,"column":0},"end":{"line":18,"column":33}},"18":{"start":{"line":19,"column":0},"end":{"line":19,"column":71}},"19":{"start":{"line":20,"column":0},"end":{"line":20,"column":42}},"20":{"start":{"line":21,"column":0},"end":{"line":21,"column":23}},"21":{"start":{"line":22,"column":0},"end":{"line":22,"column":39}},"22":{"start":{"line":23,"column":0},"end":{"line":23,"column":49}},"23":{"start":{"line":24,"column":0},"end":{"line":24,"column":45}},"24":{"start":{"line":25,"column":0},"end":{"line":25,"column":45}},"25":{"start":{"line":26,"column":0},"end":{"line":26,"column":3}},"31":{"start":{"line":32,"column":0},"end":{"line":32,"column":35}},"32":{"start":{"line":33,"column":0},"end":{"line":33,"column":39}},"33":{"start":{"line":34,"column":0},"end":{"line":34,"column":48}},"34":{"start":{"line":35,"column":0},"end":{"line":35,"column":41}},"35":{"start":{"line":36,"column":0},"end":{"line":36,"column":3}},"48":{"start":{"line":49,"column":0},"end":{"line":49,"column":44}},"49":{"start":{"line":50,"column":0},"end":{"line":50,"column":74}},"50":{"start":{"line":51,"column":0},"end":{"line":51,"column":19}},"51":{"start":{"line":52,"column":0},"end":{"line":52,"column":34}},"52":{"start":{"line":53,"column":0},"end":{"line":53,"column":3}},"53":{"start":{"line":54,"column":0},"end":{"line":54,"column":1}},"70":{"start":{"line":71,"column":0},"end":{"line":71,"column":85}},"71":{"start":{"line":72,"column":0},"end":{"line":72,"column":18}},"72":{"start":{"line":73,"column":0},"end":{"line":73,"column":7}},"73":{"start":{"line":74,"column":0},"end":{"line":74,"column":44}},"74":{"start":{"line":75,"column":0},"end":{"line":75,"column":17}},"75":{"start":{"line":76,"column":0},"end":{"line":76,"column":78}},"76":{"start":{"line":77,"column":0},"end":{"line":77,"column":3}},"78":{"start":{"line":79,"column":0},"end":{"line":79,"column":22}},"79":{"start":{"line":80,"column":0},"end":{"line":80,"column":7}},"80":{"start":{"line":81,"column":0},"end":{"line":81,"column":40}},"81":{"start":{"line":82,"column":0},"end":{"line":82,"column":17}},"82":{"start":{"line":83,"column":0},"end":{"line":83,"column":87}},"83":{"start":{"line":84,"column":0},"end":{"line":84,"column":3}},"85":{"start":{"line":86,"column":0},"end":{"line":86,"column":44}},"86":{"start":{"line":87,"column":0},"end":{"line":87,"column":64}},"87":{"start":{"line":88,"column":0},"end":{"line":88,"column":39}},"88":{"start":{"line":89,"column":0},"end":{"line":89,"column":6}},"89":{"start":{"line":90,"column":0},"end":{"line":90,"column":30}},"90":{"start":{"line":91,"column":0},"end":{"line":91,"column":69}},"91":{"start":{"line":92,"column":0},"end":{"line":92,"column":6}},"92":{"start":{"line":93,"column":0},"end":{"line":93,"column":3}},"94":{"start":{"line":95,"column":0},"end":{"line":95,"column":16}},"95":{"start":{"line":96,"column":0},"end":{"line":96,"column":1}}},"s":{"0":1,"6":1,"7":1,"8":1,"9":1,"17":1,"18":1,"19":1,"20":1,"21":1,"22":1,"23":1,"24":1,"25":1,"31":1,"32":1,"33":1,"34":1,"35":1,"48":1,"49":1,"50":6,"51":6,"52":6,"53":1,"70":10,"71":10,"72":10,"73":10,"74":10,"75":1,"76":1,"78":9,"79":9,"80":9,"81":10,"82":1,"83":1,"85":10,"86":4,"87":4,"88":4,"89":4,"90":4,"91":4,"92":4,"94":4,"95":4},"branchMap":{"0":{"type":"branch","line":50,"loc":{"start":{"line":50,"column":2},"end":{"line":53,"column":3}},"locations":[{"start":{"line":50,"column":2},"end":{"line":53,"column":3}}]},"1":{"type":"branch","line":71,"loc":{"start":{"line":71,"column":0},"end":{"line":96,"column":1}},"locations":[{"start":{"line":71,"column":0},"end":{"line":96,"column":1}}]},"2":{"type":"branch","line":74,"loc":{"start":{"line":74,"column":42},"end":{"line":75,"column":11}},"locations":[{"start":{"line":74,"column":42},"end":{"line":75,"column":11}}]},"3":{"type":"branch","line":75,"loc":{"start":{"line":75,"column":2},"end":{"line":77,"column":3}},"locations":[{"start":{"line":75,"column":2},"end":{"line":77,"column":3}}]},"4":{"type":"branch","line":77,"loc":{"start":{"line":77,"column":2},"end":{"line":82,"column":11}},"locations":[{"start":{"line":77,"column":2},"end":{"line":82,"column":11}}]},"5":{"type":"branch","line":82,"loc":{"start":{"line":82,"column":2},"end":{"line":84,"column":3}},"locations":[{"start":{"line":82,"column":2},"end":{"line":84,"column":3}}]},"6":{"type":"branch","line":84,"loc":{"start":{"line":84,"column":2},"end":{"line":86,"column":43}},"locations":[{"start":{"line":84,"column":2},"end":{"line":86,"column":43}}]},"7":{"type":"branch","line":86,"loc":{"start":{"line":86,"column":43},"end":{"line":96,"column":1}},"locations":[{"start":{"line":86,"column":43},"end":{"line":96,"column":1}}]},"8":{"type":"branch","line":88,"loc":{"start":{"line":88,"column":6},"end":{"line":88,"column":39}},"locations":[{"start":{"line":88,"column":6},"end":{"line":88,"column":39}}]}},"b":{"0":[6],"1":[10],"2":[9],"3":[1],"4":[9],"5":[1],"6":[8],"7":[4],"8":[6]},"fnMap":{"0":{"name":"PolicyLoadError","decl":{"start":{"line":50,"column":2},"end":{"line":53,"column":3}},"loc":{"start":{"line":50,"column":2},"end":{"line":53,"column":3}},"line":50},"1":{"name":"loadPolicyFile","decl":{"start":{"line":71,"column":0},"end":{"line":96,"column":1}},"loc":{"start":{"line":71,"column":0},"end":{"line":96,"column":1}},"line":71}},"f":{"0":6,"1":10}}
,"/Users/bananaloop/.bananaloop/workspaces/69de55269df8e04a5b31af25/src/policy/rules.ts": {"path":"/Users/bananaloop/.bananaloop/workspaces/69de55269df8e04a5b31af25/src/policy/rules.ts","all":false,"statementMap":{"0":{"start":{"line":1,"column":0},"end":{"line":1,"column":3}}},"s":{"0":1},"branchMap":{},"b":{},"fnMap":{},"f":{}}
,"/Users/bananaloop/.bananaloop/workspaces/69de55269df8e04a5b31af25/src/policy/types.ts": {"path":"/Users/bananaloop/.bananaloop/workspaces/69de55269df8e04a5b31af25/src/policy/types.ts","all":true,"statementMap":{},"s":{},"branchMap":{"0":{"type":"branch","line":1,"loc":{"start":{"line":1,"column":2397},"end":{"line":62,"column":1}},"locations":[{"start":{"line":1,"column":2397},"end":{"line":62,"column":1}}]}},"b":{"0":[1]},"fnMap":{"0":{"name":"(empty-report)","decl":{"start":{"line":1,"column":2397},"end":{"line":62,"column":1}},"loc":{"start":{"line":1,"column":2397},"end":{"line":62,"column":1}},"line":1}},"f":{"0":1}}
,"/Users/bananaloop/.bananaloop/workspaces/69de55269df8e04a5b31af25/src/policy/rules/default.ts": {"path":"/Users/bananaloop/.bananaloop/workspaces/69de55269df8e04a5b31af25/src/policy/rules/default.ts","all":false,"statementMap":{"16":{"start":{"line":17,"column":0},"end":{"line":17,"column":31}},"24":{"start":{"line":25,"column":0},"end":{"line":25,"column":3}},"25":{"start":{"line":26,"column":0},"end":{"line":26,"column":36}},"26":{"start":{"line":27,"column":0},"end":{"line":27,"column":21}},"27":{"start":{"line":28,"column":0},"end":{"line":28,"column":17}},"28":{"start":{"line":29,"column":0},"end":{"line":29,"column":70}},"29":{"start":{"line":30,"column":0},"end":{"line":30,"column":38}},"30":{"start":{"line":31,"column":0},"end":{"line":31,"column":4}},"36":{"start":{"line":37,"column":0},"end":{"line":37,"column":3}},"37":{"start":{"line":38,"column":0},"end":{"line":38,"column":37}},"38":{"start":{"line":39,"column":0},"end":{"line":39,"column":21}},"39":{"start":{"line":40,"column":0},"end":{"line":40,"column":17}},"40":{"start":{"line":41,"column":0},"end":{"line":41,"column":61}},"41":{"start":{"line":42,"column":0},"end":{"line":42,"column":22}},"42":{"start":{"line":43,"column":0},"end":{"line":43,"column":4}},"50":{"start":{"line":51,"column":0},"end":{"line":51,"column":3}},"51":{"start":{"line":52,"column":0},"end":{"line":52,"column":37}},"52":{"start":{"line":53,"column":0},"end":{"line":53,"column":21}},"53":{"start":{"line":54,"column":0},"end":{"line":54,"column":17}},"54":{"start":{"line":55,"column":0},"end":{"line":55,"column":67}},"55":{"start":{"line":56,"column":0},"end":{"line":56,"column":30}},"56":{"start":{"line":57,"column":0},"end":{"line":57,"column":4}},"61":{"start":{"line":62,"column":0},"end":{"line":62,"column":3}},"62":{"start":{"line":63,"column":0},"end":{"line":63,"column":37}},"63":{"start":{"line":64,"column":0},"end":{"line":64,"column":21}},"64":{"start":{"line":65,"column":0},"end":{"line":65,"column":17}},"65":{"start":{"line":66,"column":0},"end":{"line":66,"column":69}},"66":{"start":{"line":67,"column":0},"end":{"line":67,"column":30}},"67":{"start":{"line":68,"column":0},"end":{"line":68,"column":4}},"73":{"start":{"line":74,"column":0},"end":{"line":74,"column":3}},"74":{"start":{"line":75,"column":0},"end":{"line":75,"column":38}},"75":{"start":{"line":76,"column":0},"end":{"line":76,"column":21}},"76":{"start":{"line":77,"column":0},"end":{"line":77,"column":17}},"77":{"start":{"line":78,"column":0},"end":{"line":78,"column":68}},"78":{"start":{"line":79,"column":0},"end":{"line":79,"column":33}},"79":{"start":{"line":80,"column":0},"end":{"line":80,"column":4}},"84":{"start":{"line":85,"column":0},"end":{"line":85,"column":3}},"85":{"start":{"line":86,"column":0},"end":{"line":86,"column":37}},"86":{"start":{"line":87,"column":0},"end":{"line":87,"column":21}},"87":{"start":{"line":88,"column":0},"end":{"line":88,"column":17}},"88":{"start":{"line":89,"column":0},"end":{"line":89,"column":77}},"89":{"start":{"line":90,"column":0},"end":{"line":90,"column":33}},"90":{"start":{"line":91,"column":0},"end":{"line":91,"column":4}},"98":{"start":{"line":99,"column":0},"end":{"line":99,"column":3}},"99":{"start":{"line":100,"column":0},"end":{"line":100,"column":35}},"100":{"start":{"line":101,"column":0},"end":{"line":101,"column":21}},"101":{"start":{"line":102,"column":0},"end":{"line":102,"column":18}},"102":{"start":{"line":103,"column":0},"end":{"line":103,"column":60}},"103":{"start":{"line":104,"column":0},"end":{"line":104,"column":33}},"104":{"start":{"line":105,"column":0},"end":{"line":105,"column":4}},"110":{"start":{"line":111,"column":0},"end":{"line":111,"column":3}},"111":{"start":{"line":112,"column":0},"end":{"line":112,"column":46}},"112":{"start":{"line":113,"column":0},"end":{"line":113,"column":21}},"113":{"start":{"line":114,"column":0},"end":{"line":114,"column":18}},"114":{"start":{"line":115,"column":0},"end":{"line":115,"column":71}},"115":{"start":{"line":116,"column":0},"end":{"line":116,"column":34}},"116":{"start":{"line":117,"column":0},"end":{"line":117,"column":4}},"122":{"start":{"line":123,"column":0},"end":{"line":123,"column":3}},"123":{"start":{"line":124,"column":0},"end":{"line":124,"column":45}},"124":{"start":{"line":125,"column":0},"end":{"line":125,"column":21}},"125":{"start":{"line":126,"column":0},"end":{"line":126,"column":18}},"126":{"start":{"line":127,"column":0},"end":{"line":127,"column":70}},"127":{"start":{"line":128,"column":0},"end":{"line":128,"column":23}},"128":{"start":{"line":129,"column":0},"end":{"line":129,"column":4}},"130":{"start":{"line":131,"column":0},"end":{"line":131,"column":2}},"132":{"start":{"line":133,"column":0},"end":{"line":133,"column":29}}},"s":{"16":1,"24":1,"25":1,"26":1,"27":1,"28":1,"29":1,"30":1,"36":1,"37":1,"38":1,"39":1,"40":1,"41":1,"42":1,"50":1,"51":1,"52":1,"53":1,"54":1,"55":1,"56":1,"61":1,"62":1,"63":1,"64":1,"65":1,"66":1,"67":1,"73":1,"74":1,"75":1,"76":1,"77":1,"78":1,"79":1,"84":1,"85":1,"86":1,"87":1,"88":1,"89":1,"90":1,"98":1,"99":1,"100":1,"101":1,"102":1,"103":1,"104":1,"110":1,"111":1,"112":1,"113":1,"114":1,"115":1,"116":1,"122":1,"123":1,"124":1,"125":1,"126":1,"127":1,"128":1,"130":1,"132":1},"branchMap":{},"b":{},"fnMap":{},"f":{}}
,"/Users/bananaloop/.bananaloop/workspaces/69de55269df8e04a5b31af25/src/policy/rules/index.ts": {"path":"/Users/bananaloop/.bananaloop/workspaces/69de55269df8e04a5b31af25/src/policy/rules/index.ts","all":false,"statementMap":{"0":{"start":{"line":1,"column":0},"end":{"line":1,"column":40}},"19":{"start":{"line":20,"column":0},"end":{"line":20,"column":83}},"20":{"start":{"line":21,"column":0},"end":{"line":21,"column":47}},"21":{"start":{"line":22,"column":0},"end":{"line":22,"column":1}},"32":{"start":{"line":33,"column":0},"end":{"line":33,"column":36}},"33":{"start":{"line":34,"column":0},"end":{"line":34,"column":5}},"34":{"start":{"line":35,"column":0},"end":{"line":35,"column":15}},"35":{"start":{"line":36,"column":0},"end":{"line":36,"column":2}},"37":{"start":{"line":38,"column":0},"end":{"line":38,"column":24}}},"s":{"0":1,"19":1,"20":1,"21":1,"32":1,"33":1,"34":1,"35":1,"37":1},"branchMap":{"0":{"type":"branch","line":20,"loc":{"start":{"line":20,"column":7},"end":{"line":22,"column":1}},"locations":[{"start":{"line":20,"column":7},"end":{"line":22,"column":1}}]}},"b":{"0":[1]},"fnMap":{"0":{"name":"mergeRules","decl":{"start":{"line":20,"column":7},"end":{"line":22,"column":1}},"loc":{"start":{"line":20,"column":7},"end":{"line":22,"column":1}},"line":20}},"f":{"0":1}}
}
