TN:
SF:src/audit.ts
FN:93,<instance_members_initializer>
FN:102,JsonlAuditLogger
FN:116,log
FN:133,flush
FNF:4
FNH:3
FNDA:5,<instance_members_initializer>
FNDA:5,JsonlAuditLogger
FNDA:6,log
FNDA:0,flush
DA:1,1
DA:92,1
DA:93,1
DA:102,1
DA:103,5
DA:104,5
DA:116,1
DA:117,6
DA:118,6
DA:119,6
DA:120,6
DA:121,6
DA:122,1
DA:123,1
DA:124,6
DA:133,1
DA:134,0
DA:135,0
DA:136,1
LF:19
LH:17
BRDA:93,0,0,5
BRDA:102,1,0,5
BRDA:116,2,0,6
BRDA:121,3,0,1
BRF:4
BRH:4
end_of_record
TN:
SF:src/envelope.ts
FN:36,computePayloadHash
FN:66,computeContextHash
FNF:2
FNH:2
FNDA:21,computePayloadHash
FNDA:16,computeContextHash
DA:1,1
DA:36,1
DA:37,21
DA:38,21
DA:39,21
DA:40,21
DA:41,21
DA:42,29
DA:43,29
DA:44,21
DA:45,21
DA:46,21
DA:66,1
DA:67,16
DA:68,16
DA:69,16
DA:70,16
DA:71,16
DA:72,16
DA:73,16
DA:74,16
LF:21
LH:21
BRDA:36,0,0,21
BRDA:41,1,0,29
BRDA:41,2,0,12
BRDA:66,3,0,16
BRF:4
BRH:4
end_of_record
TN:
SF:src/identity.ts
FN:48,<instance_members_initializer>
FN:51,register
FN:66,registerMany
FN:71,unregister
FN:76,get
FN:81,list
FN:86,clear
FN:91,get size
FN:100,verify
FN:122,buildRuleContext
FNF:10
FNH:10
FNDA:25,<instance_members_initializer>
FNDA:23,register
FNDA:1,registerMany
FNDA:2,unregister
FNDA:2,get
FNDA:1,list
FNDA:1,clear
FNDA:3,get size
FNDA:16,verify
FNDA:4,buildRuleContext
DA:47,1
DA:48,1
DA:51,1
DA:52,23
DA:53,1
DA:54,1
DA:55,23
DA:56,1
DA:57,1
DA:58,21
DA:59,21
DA:60,21
DA:61,21
DA:62,21
DA:63,23
DA:66,1
DA:67,1
DA:68,1
DA:71,1
DA:72,2
DA:73,2
DA:76,1
DA:77,2
DA:78,2
DA:81,1
DA:82,1
DA:83,1
DA:86,1
DA:87,1
DA:88,1
DA:91,1
DA:92,3
DA:93,3
DA:100,1
DA:101,16
DA:102,2
DA:103,2
DA:105,14
DA:106,16
DA:107,3
DA:108,3
DA:110,11
DA:111,11
DA:112,11
DA:113,16
DA:114,16
DA:115,16
DA:122,1
DA:123,4
DA:124,4
DA:125,4
DA:126,4
DA:127,4
DA:128,4
DA:129,4
DA:130,4
DA:131,4
DA:132,4
DA:133,4
DA:134,4
DA:135,1
DA:142,1
LF:62
LH:62
BRDA:48,0,0,25
BRDA:51,1,0,23
BRDA:52,2,0,1
BRDA:54,3,0,22
BRDA:55,4,0,1
BRDA:57,5,0,21
BRDA:66,6,0,1
BRDA:67,7,0,2
BRDA:71,8,0,2
BRDA:76,9,0,2
BRDA:81,10,0,1
BRDA:86,11,0,1
BRDA:91,12,0,3
BRDA:100,13,0,16
BRDA:101,14,0,2
BRDA:103,15,0,14
BRDA:106,16,0,3
BRDA:108,17,0,11
BRDA:113,18,0,6
BRDA:113,19,0,5
BRDA:122,20,0,4
BRF:21
BRH:21
end_of_record
TN:
SF:src/index.ts
FN:119,resolveIdentity
FN:249,extractMessageText
FN:260,detectPromptInjection
FN:334,loadJsonRules
FN:422,formatMatchedRule
FN:436,dispatchHitlChannel
FN:526,resolveHitlDecision
FN:570,logHitlDecision
FN:603,determineSourceTrustLevel
FN:609,beforeToolCallHandler
FN:752,beforePromptBuildHandler
FN:797,beforeModelResolveHandler
FN:827,getVersionInfo
FN:866,activate
FN:1021,deactivate
FNF:15
FNH:4
FNDA:0,resolveIdentity
FNDA:0,extractMessageText
FNDA:0,detectPromptInjection
FNDA:2,loadJsonRules
FNDA:0,formatMatchedRule
FNDA:0,dispatchHitlChannel
FNDA:0,resolveHitlDecision
FNDA:0,logHitlDecision
FNDA:0,determineSourceTrustLevel
FNDA:0,beforeToolCallHandler
FNDA:0,beforePromptBuildHandler
FNDA:0,beforeModelResolveHandler
FNDA:3,getVersionInfo
FNDA:2,activate
FNDA:15,deactivate
DA:1,1
DA:119,0
DA:120,0
DA:121,0
DA:122,0
DA:123,0
DA:124,0
DA:125,0
DA:126,0
DA:127,0
DA:128,0
DA:129,0
DA:130,0
DA:236,1
DA:238,1
DA:240,1
DA:242,1
DA:244,1
DA:246,1
DA:247,1
DA:249,0
DA:250,0
DA:251,0
DA:252,0
DA:253,0
DA:254,0
DA:255,0
DA:256,0
DA:257,0
DA:260,0
DA:261,0
DA:262,0
DA:263,0
DA:264,0
DA:265,0
DA:266,0
DA:267,0
DA:268,0
DA:269,0
DA:270,0
DA:279,1
DA:280,1
DA:281,1
DA:282,1
DA:289,1
DA:292,1
DA:293,1
DA:295,9
DA:296,9
DA:297,0
DA:298,9
DA:299,9
DA:300,9
DA:308,1
DA:309,1
DA:310,1
DA:334,2
DA:335,2
DA:336,2
DA:338,2
DA:340,2
DA:341,2
DA:342,2
DA:343,2
DA:344,2
DA:345,2
DA:346,2
DA:347,2
DA:348,2
DA:349,0
DA:350,0
DA:352,0
DA:353,0
DA:354,0
DA:355,0
DA:357,0
DA:361,0
DA:362,0
DA:363,0
DA:364,0
DA:365,0
DA:366,0
DA:367,0
DA:368,0
DA:369,0
DA:370,0
DA:371,0
DA:372,0
DA:374,0
DA:375,0
DA:376,0
DA:377,0
DA:378,0
DA:379,0
DA:380,0
DA:381,0
DA:383,0
DA:384,0
DA:385,0
DA:387,0
DA:388,0
DA:389,0
DA:390,0
DA:391,2
DA:396,1
DA:397,1
DA:398,1
DA:399,1
DA:400,1
DA:403,1
DA:406,1
DA:410,1
DA:422,0
DA:423,0
DA:424,0
DA:425,0
DA:426,0
DA:427,0
DA:428,0
DA:429,0
DA:436,0
DA:437,0
DA:438,0
DA:439,0
DA:440,0
DA:441,0
DA:442,0
DA:443,0
DA:445,0
DA:446,0
DA:447,0
DA:448,0
DA:449,0
DA:450,0
DA:451,0
DA:452,0
DA:453,0
DA:454,0
DA:455,0
DA:456,0
DA:458,0
DA:459,0
DA:461,0
DA:462,0
DA:463,0
DA:464,0
DA:465,0
DA:466,0
DA:467,0
DA:468,0
DA:469,0
DA:470,0
DA:471,0
DA:473,0
DA:474,0
DA:475,0
DA:476,0
DA:478,0
DA:479,0
DA:480,0
DA:481,0
DA:482,0
DA:483,0
DA:484,0
DA:485,0
DA:486,0
DA:487,0
DA:488,0
DA:489,0
DA:491,0
DA:492,0
DA:494,0
DA:495,0
DA:496,0
DA:497,0
DA:498,0
DA:499,0
DA:500,0
DA:501,0
DA:502,0
DA:503,0
DA:504,0
DA:507,0
DA:509,0
DA:510,0
DA:511,0
DA:512,0
DA:513,0
DA:514,0
DA:515,0
DA:516,0
DA:519,0
DA:520,0
DA:526,0
DA:527,0
DA:528,0
DA:529,0
DA:530,0
DA:531,0
DA:532,0
DA:533,0
DA:534,0
DA:535,0
DA:536,0
DA:537,0
DA:539,0
DA:540,0
DA:541,0
DA:542,0
DA:543,0
DA:544,0
DA:546,0
DA:547,0
DA:548,0
DA:549,0
DA:550,0
DA:551,0
DA:552,0
DA:553,0
DA:556,0
DA:557,0
DA:558,0
DA:559,0
DA:560,0
DA:561,0
DA:562,0
DA:563,0
DA:564,0
DA:565,0
DA:566,0
DA:567,0
DA:570,0
DA:571,0
DA:572,0
DA:573,0
DA:574,0
DA:575,0
DA:576,0
DA:577,0
DA:578,0
DA:579,0
DA:580,0
DA:581,0
DA:582,0
DA:583,0
DA:584,0
DA:585,0
DA:586,0
DA:587,0
DA:588,0
DA:589,0
DA:590,0
DA:591,0
DA:592,0
DA:593,0
DA:603,0
DA:604,0
DA:605,0
DA:606,0
DA:607,0
DA:609,1
DA:610,0
DA:611,0
DA:621,0
DA:622,0
DA:623,0
DA:624,0
DA:625,0
DA:626,0
DA:627,0
DA:628,0
DA:631,0
DA:632,0
DA:633,0
DA:634,0
DA:635,0
DA:636,0
DA:639,0
DA:640,0
DA:641,0
DA:642,0
DA:643,0
DA:644,0
DA:645,0
DA:646,0
DA:647,0
DA:648,0
DA:649,0
DA:650,0
DA:651,0
DA:652,0
DA:653,0
DA:658,0
DA:659,0
DA:660,0
DA:661,0
DA:662,0
DA:665,0
DA:666,0
DA:667,0
DA:668,0
DA:669,0
DA:671,0
DA:672,0
DA:673,0
DA:674,0
DA:675,0
DA:676,0
DA:677,0
DA:678,0
DA:679,0
DA:680,0
DA:681,0
DA:682,0
DA:683,0
DA:684,0
DA:687,0
DA:688,0
DA:689,0
DA:690,0
DA:691,0
DA:692,0
DA:693,0
DA:694,0
DA:695,0
DA:696,0
DA:697,0
DA:698,0
DA:699,0
DA:700,0
DA:701,0
DA:702,0
DA:703,0
DA:704,0
DA:707,0
DA:708,0
DA:709,0
DA:710,0
DA:711,0
DA:714,0
DA:716,0
DA:717,0
DA:718,0
DA:720,0
DA:721,0
DA:722,0
DA:725,0
DA:726,0
DA:727,0
DA:728,0
DA:729,0
DA:730,0
DA:731,0
DA:732,0
DA:733,0
DA:734,0
DA:735,0
DA:737,0
DA:738,0
DA:739,0
DA:740,0
DA:741,0
DA:752,1
DA:753,0
DA:754,0
DA:756,0
DA:757,0
DA:758,0
DA:759,0
DA:760,0
DA:761,0
DA:766,0
DA:767,0
DA:768,0
DA:769,0
DA:770,0
DA:771,0
DA:772,0
DA:773,0
DA:774,0
DA:775,0
DA:776,0
DA:777,0
DA:778,0
DA:780,0
DA:781,0
DA:782,0
DA:783,0
DA:784,0
DA:785,0
DA:786,0
DA:787,0
DA:788,0
DA:797,1
DA:798,0
DA:808,0
DA:809,0
DA:810,0
DA:811,0
DA:827,3
DA:828,3
DA:829,3
DA:831,3
DA:832,3
DA:833,3
DA:834,3
DA:835,3
DA:837,3
DA:838,3
DA:839,3
DA:840,3
DA:841,3
DA:842,3
DA:843,3
DA:844,3
DA:845,3
DA:846,3
DA:847,3
DA:848,3
DA:849,3
DA:851,3
DA:852,3
DA:853,3
DA:854,3
DA:856,3
DA:857,3
DA:859,1
DA:861,1
DA:862,1
DA:864,1
DA:866,1
DA:873,2
DA:874,2
DA:875,2
DA:878,2
DA:879,0
DA:880,0
DA:881,0
DA:882,2
DA:885,2
DA:886,2
DA:887,2
DA:888,2
DA:889,2
DA:890,2
DA:891,2
DA:892,2
DA:893,2
DA:894,2
DA:896,2
DA:901,2
DA:902,0
DA:903,2
DA:906,2
DA:907,2
DA:908,2
DA:909,2
DA:910,2
DA:913,18
DA:914,18
DA:915,0
DA:916,18
DA:917,18
DA:918,18
DA:919,2
DA:920,2
DA:921,2
DA:922,2
DA:923,2
DA:924,6
DA:925,6
DA:926,2
DA:927,0
DA:928,0
DA:929,2
DA:930,2
DA:931,2
DA:932,14
DA:933,14
DA:934,14
DA:935,14
DA:936,2
DA:937,2
DA:938,2
DA:939,18
DA:940,18
DA:941,18
DA:942,0
DA:943,18
DA:944,18
DA:945,18
DA:946,18
DA:947,2
DA:950,2
DA:951,2
DA:952,2
DA:953,2
DA:955,2
DA:956,0
DA:959,0
DA:960,0
DA:963,0
DA:966,0
DA:969,0
DA:970,0
DA:971,0
DA:972,0
DA:973,0
DA:974,0
DA:975,0
DA:976,0
DA:977,0
DA:978,0
DA:979,0
DA:980,0
DA:981,0
DA:982,0
DA:983,0
DA:986,0
DA:987,0
DA:988,0
DA:989,0
DA:990,0
DA:991,0
DA:992,0
DA:993,0
DA:994,0
DA:995,0
DA:996,0
DA:997,0
DA:998,0
DA:999,0
DA:1000,0
DA:1001,0
DA:1003,2
DA:1004,2
DA:1005,2
DA:1009,2
DA:1010,2
DA:1011,2
DA:1012,2
DA:1013,2
DA:1014,0
DA:1015,0
DA:1016,2
DA:1018,2
DA:1019,2
DA:1021,1
DA:1023,15
DA:1024,0
DA:1025,0
DA:1026,0
DA:1027,15
DA:1028,0
DA:1029,0
DA:1030,0
DA:1031,15
DA:1032,15
DA:1033,15
DA:1034,0
DA:1035,0
DA:1036,0
DA:1037,15
DA:1038,15
DA:1041,15
DA:1042,2
DA:1043,2
DA:1044,2
DA:1045,15
DA:1046,15
DA:1047,15
DA:1048,1
DA:1050,1
LF:573
LH:167
BRDA:293,0,0,9
BRDA:296,1,0,0
BRDA:298,2,0,0
BRDA:334,3,0,2
BRDA:342,4,0,0
BRDA:348,5,0,0
BRDA:827,6,0,3
BRDA:834,7,0,0
BRDA:835,8,0,0
BRDA:849,9,0,0
BRDA:854,10,0,0
BRDA:866,11,0,2
BRDA:878,12,0,0
BRDA:886,13,0,0
BRDA:910,14,0,18
BRDA:914,15,0,0
BRDA:914,16,0,0
BRDA:916,17,0,14
BRDA:923,18,0,6
BRDA:926,19,0,0
BRDA:931,20,0,14
BRDA:938,21,0,18
BRDA:939,22,0,4
BRDA:939,23,0,14
BRDA:941,24,0,0
BRDA:943,25,0,0
BRDA:944,26,0,0
BRDA:955,27,0,0
BRDA:1003,28,0,0
BRDA:1004,29,0,0
BRDA:1004,30,0,0
BRDA:1013,31,0,0
BRDA:932,32,0,18
BRDA:933,33,0,18
BRDA:1021,34,0,15
BRDA:1023,35,0,0
BRDA:1027,36,0,0
BRDA:1033,37,0,0
BRDA:1041,38,0,2
BRF:39
BRH:15
end_of_record
TN:
SF:src/types.ts
FN:1,(empty-report)
FNF:1
FNH:1
FNDA:1,(empty-report)
LF:0
LH:0
BRDA:1,0,0,1
BRF:1
BRH:1
end_of_record
TN:
SF:src/watcher.ts
FN:45,loadJsonRules
FN:73,importRuleModule
FN:89,importFreshRules
FN:129,buildMergedFromCache
FN:143,logRules
FN:162,startRulesWatcher
FN:175,rebuildEngine
FN:181,reload
FN:208,reloadJsonRules
FN:271,stop
FNF:10
FNH:7
FNDA:27,loadJsonRules
FNDA:0,importRuleModule
FNDA:0,importFreshRules
FNDA:5,buildMergedFromCache
FNDA:5,logRules
FNDA:23,startRulesWatcher
FNDA:5,rebuildEngine
FNDA:0,reload
FNDA:4,reloadJsonRules
FNDA:6,stop
DA:1,1
DA:16,1
DA:22,1
DA:23,1
DA:24,1
DA:27,1
DA:28,1
DA:29,1
DA:45,27
DA:46,27
DA:47,27
DA:48,4
DA:49,4
DA:50,25
DA:51,2
DA:52,2
DA:53,2
DA:54,1
DA:55,1
DA:56,1
DA:57,1
DA:58,1
DA:59,1
DA:60,1
DA:61,1
DA:62,1
DA:63,2
DA:64,25
DA:65,1
DA:66,1
DA:67,1
DA:68,27
DA:73,0
DA:74,0
DA:75,0
DA:76,0
DA:77,0
DA:78,0
DA:79,0
DA:80,0
DA:81,0
DA:82,0
DA:83,0
DA:89,0
DA:92,0
DA:93,0
DA:94,0
DA:95,0
DA:96,0
DA:99,0
DA:100,0
DA:101,0
DA:103,0
DA:104,0
DA:105,0
DA:106,0
DA:107,0
DA:108,0
DA:109,0
DA:110,0
DA:111,0
DA:113,0
DA:114,0
DA:115,0
DA:116,0
DA:117,0
DA:118,0
DA:119,0
DA:120,0
DA:122,0
DA:123,0
DA:124,0
DA:125,0
DA:126,0
DA:129,5
DA:130,5
DA:131,5
DA:132,5
DA:133,5
DA:134,5
DA:135,5
DA:136,5
DA:143,5
DA:144,5
DA:145,1
DA:146,1
DA:147,1
DA:148,1
DA:149,1
DA:150,1
DA:151,1
DA:162,1
DA:163,23
DA:164,23
DA:165,23
DA:166,23
DA:167,23
DA:168,23
DA:169,23
DA:170,23
DA:171,23
DA:173,23
DA:175,23
DA:176,5
DA:177,5
DA:178,5
DA:179,5
DA:181,23
DA:182,0
DA:183,0
DA:184,0
DA:187,0
DA:188,0
DA:189,0
DA:191,0
DA:192,0
DA:193,0
DA:194,0
DA:195,0
DA:196,0
DA:197,0
DA:198,0
DA:199,0
DA:200,0
DA:201,0
DA:202,0
DA:203,0
DA:204,0
DA:205,0
DA:206,0
DA:208,23
DA:209,4
DA:210,4
DA:211,4
DA:212,4
DA:213,4
DA:214,4
DA:215,4
DA:216,4
DA:217,4
DA:218,4
DA:219,4
DA:220,4
DA:221,4
DA:222,4
DA:223,4
DA:224,4
DA:225,4
DA:228,23
DA:229,23
DA:230,23
DA:231,23
DA:233,23
DA:234,1
DA:235,1
DA:236,23
DA:239,23
DA:240,23
DA:241,23
DA:242,23
DA:243,23
DA:245,23
DA:246,8
DA:247,8
DA:248,23
DA:249,23
DA:250,1
DA:251,1
DA:252,23
DA:257,23
DA:258,23
DA:259,1
DA:260,1
DA:261,0
DA:262,1
DA:263,1
DA:264,1
DA:265,1
DA:267,23
DA:268,23
DA:270,23
DA:271,23
DA:272,6
DA:273,0
DA:274,0
DA:275,0
DA:276,6
DA:277,0
DA:278,0
DA:279,0
DA:280,6
DA:281,6
DA:282,6
DA:283,6
DA:284,23
DA:285,23
LF:196
LH:125
BRDA:45,0,0,27
BRDA:47,1,0,23
BRDA:47,2,0,25
BRDA:47,3,0,4
BRDA:50,4,0,1
BRDA:50,5,0,2
BRDA:64,6,0,1
BRDA:52,7,0,1
BRDA:53,8,0,1
BRDA:59,9,0,0
BRDA:60,10,0,0
BRDA:61,11,0,0
BRDA:129,12,0,5
BRDA:143,13,0,5
BRDA:144,14,0,4
BRDA:144,15,0,1
BRDA:147,16,0,0
BRDA:148,17,0,0
BRDA:162,18,0,23
BRDA:258,19,0,1
BRDA:260,20,0,0
BRDA:175,21,0,5
BRDA:208,22,0,4
BRDA:214,23,0,0
BRDA:217,24,0,0
BRDA:217,25,0,0
BRDA:233,26,0,1
BRDA:234,27,0,0
BRDA:245,28,0,8
BRDA:246,29,0,4
BRDA:249,30,0,1
BRDA:250,31,0,0
BRDA:271,32,0,6
BRDA:272,33,0,0
BRDA:276,34,0,0
BRF:35
BRH:22
end_of_record
TN:
SF:src/adapter/file-adapter.ts
FN:47,<instance_members_initializer>
FN:50,FileAuthorityAdapter
FN:61,issueCapability
FN:95,watchPolicyBundle
FN:100,readBundle
FN:139,reload
FN:170,stop
FN:187,watchRevocations
FNF:8
FNH:8
FNDA:27,<instance_members_initializer>
FNDA:27,FileAuthorityAdapter
FNDA:17,issueCapability
FNDA:10,watchPolicyBundle
FNDA:16,readBundle
FNDA:6,reload
FNDA:11,stop
FNDA:1,watchRevocations
DA:1,1
DA:33,1
DA:34,1
DA:46,1
DA:47,1
DA:48,27
DA:50,1
DA:51,27
DA:52,27
DA:61,1
DA:62,17
DA:63,17
DA:64,17
DA:65,17
DA:66,17
DA:67,17
DA:69,17
DA:70,17
DA:71,17
DA:72,17
DA:73,17
DA:74,17
DA:75,17
DA:76,17
DA:77,17
DA:79,17
DA:80,17
DA:81,17
DA:95,1
DA:96,10
DA:97,10
DA:98,10
DA:100,10
DA:101,16
DA:102,16
DA:103,16
DA:104,16
DA:105,16
DA:106,1
DA:107,1
DA:108,1
DA:110,16
DA:111,1
DA:112,1
DA:113,1
DA:114,1
DA:115,1
DA:116,1
DA:117,1
DA:118,1
DA:120,14
DA:121,16
DA:124,10
DA:125,10
DA:126,10
DA:127,10
DA:128,10
DA:129,10
DA:130,0
DA:131,0
DA:133,0
DA:134,0
DA:136,10
DA:137,10
DA:139,10
DA:140,6
DA:141,6
DA:143,6
DA:144,2
DA:145,2
DA:146,2
DA:147,2
DA:148,2
DA:149,2
DA:151,2
DA:152,2
DA:153,2
DA:154,6
DA:156,10
DA:157,10
DA:158,10
DA:159,10
DA:161,10
DA:162,6
DA:163,6
DA:164,6
DA:165,10
DA:167,10
DA:169,10
DA:170,10
DA:171,11
DA:172,10
DA:173,11
DA:174,6
DA:175,6
DA:176,6
DA:177,10
DA:178,10
DA:179,11
DA:180,10
DA:181,10
DA:187,1
DA:188,1
DA:190,1
DA:191,1
DA:192,1
LF:106
LH:102
BRDA:47,0,0,27
BRDA:50,1,0,27
BRDA:61,2,0,17
BRDA:65,3,0,16
BRDA:65,4,0,15
BRDA:76,5,0,1
BRDA:76,6,0,16
BRDA:95,7,0,10
BRDA:129,8,0,0
BRDA:100,9,0,16
BRDA:105,10,0,1
BRDA:108,11,0,15
BRDA:110,12,0,1
BRDA:118,13,0,14
BRDA:112,14,0,2
BRDA:139,15,0,6
BRDA:141,16,0,2
BRDA:141,17,0,4
BRDA:143,18,0,2
BRDA:161,19,0,6
BRDA:162,20,0,0
BRDA:163,21,0,0
BRDA:164,22,0,6
BRDA:170,23,0,11
BRDA:171,24,0,1
BRDA:171,25,0,10
BRDA:173,26,0,6
BRDA:176,27,0,10
BRDA:187,28,0,1
BRDA:188,29,0,1
BRF:30
BRH:27
end_of_record
TN:
SF:src/adapter/index.ts
FN:1,(empty-report)
FNF:1
FNH:0
FNDA:0,(empty-report)
DA:1,0
LF:1
LH:0
BRDA:1,0,0,0
BRF:1
BRH:0
end_of_record
TN:
SF:src/adapter/types.ts
FNF:0
FNH:0
DA:1,1
DA:7,1
DA:8,1
DA:9,1
DA:10,1
LF:5
LH:5
BRF:0
BRH:0
end_of_record
TN:
SF:src/enforcement/decision.ts
FN:75,fromCeeDecision
FN:95,askUser
FN:108,forbidDecision
FNF:3
FNH:3
FNDA:15,fromCeeDecision
FNDA:9,askUser
FNDA:10,forbidDecision
DA:75,1
DA:76,15
DA:77,15
DA:78,15
DA:79,15
DA:80,15
DA:81,15
DA:82,15
DA:83,15
DA:84,15
DA:85,15
DA:86,15
DA:87,15
DA:95,1
DA:96,9
DA:97,9
DA:98,9
DA:99,9
DA:100,9
DA:101,9
DA:108,1
DA:109,10
DA:110,10
DA:111,10
DA:112,10
DA:113,10
DA:114,10
LF:27
LH:27
BRDA:75,0,0,15
BRDA:83,1,0,3
BRDA:83,2,0,12
BRDA:84,3,0,2
BRDA:84,4,0,13
BRDA:85,5,0,3
BRDA:85,6,0,2
BRDA:85,7,0,13
BRDA:95,8,0,9
BRDA:99,9,0,2
BRDA:99,10,0,7
BRDA:108,11,0,10
BRDA:112,12,0,5
BRDA:112,13,0,5
BRF:14
BRH:14
end_of_record
TN:
SF:src/enforcement/normalize.ts
FN:276,containsShellMetachars
FN:280,hasShellMetacharsInParams
FN:304,extractTarget
FN:323,getRegistryEntry
FN:332,normalizeActionClass
FN:350,normalize_action
FN:397,sortedJsonStringify
FNF:7
FNH:7
FNDA:33,containsShellMetachars
FNDA:33,hasShellMetacharsInParams
FNDA:33,extractTarget
FNDA:60,getRegistryEntry
FNDA:21,normalizeActionClass
FNDA:33,normalize_action
FNDA:48,sortedJsonStringify
DA:46,1
DA:47,1
DA:48,1
DA:49,1
DA:50,1
DA:51,1
DA:52,1
DA:53,1
DA:54,1
DA:55,1
DA:56,1
DA:57,1
DA:58,1
DA:59,1
DA:60,1
DA:61,1
DA:62,1
DA:63,1
DA:64,1
DA:65,1
DA:66,1
DA:67,1
DA:68,1
DA:69,1
DA:70,1
DA:71,1
DA:72,1
DA:73,1
DA:74,1
DA:75,1
DA:76,1
DA:77,1
DA:78,1
DA:79,1
DA:80,1
DA:81,1
DA:82,1
DA:83,1
DA:84,1
DA:85,1
DA:86,1
DA:87,1
DA:88,1
DA:89,1
DA:90,1
DA:91,1
DA:92,1
DA:93,1
DA:94,1
DA:95,1
DA:96,1
DA:97,1
DA:98,1
DA:99,1
DA:100,1
DA:101,1
DA:102,1
DA:103,1
DA:104,1
DA:105,1
DA:106,1
DA:107,1
DA:108,1
DA:109,1
DA:110,1
DA:111,1
DA:112,1
DA:113,1
DA:114,1
DA:115,1
DA:116,1
DA:117,1
DA:118,1
DA:119,1
DA:120,1
DA:121,1
DA:122,1
DA:123,1
DA:124,1
DA:125,1
DA:126,1
DA:127,1
DA:128,1
DA:129,1
DA:130,1
DA:131,1
DA:132,1
DA:133,1
DA:134,1
DA:135,1
DA:136,1
DA:137,1
DA:138,1
DA:139,1
DA:140,1
DA:141,1
DA:142,1
DA:143,1
DA:144,1
DA:145,1
DA:146,1
DA:147,1
DA:148,1
DA:149,1
DA:150,1
DA:151,1
DA:152,1
DA:153,1
DA:154,1
DA:155,1
DA:156,1
DA:157,1
DA:158,1
DA:159,1
DA:160,1
DA:161,1
DA:162,1
DA:163,1
DA:164,1
DA:165,1
DA:166,1
DA:167,1
DA:168,1
DA:169,1
DA:170,1
DA:171,1
DA:172,1
DA:173,1
DA:174,1
DA:175,1
DA:176,1
DA:177,1
DA:178,1
DA:179,1
DA:180,1
DA:181,1
DA:182,1
DA:183,1
DA:184,1
DA:185,1
DA:186,1
DA:187,1
DA:188,1
DA:189,1
DA:190,1
DA:191,1
DA:192,1
DA:193,1
DA:194,1
DA:195,1
DA:196,1
DA:197,1
DA:198,1
DA:199,1
DA:200,1
DA:201,1
DA:202,1
DA:203,1
DA:204,1
DA:205,1
DA:206,1
DA:207,1
DA:208,1
DA:209,1
DA:210,1
DA:211,1
DA:212,1
DA:213,1
DA:214,1
DA:215,1
DA:216,1
DA:217,1
DA:218,1
DA:219,1
DA:220,1
DA:221,1
DA:222,1
DA:223,1
DA:224,1
DA:225,1
DA:226,1
DA:227,1
DA:228,1
DA:229,1
DA:230,1
DA:231,1
DA:232,1
DA:233,1
DA:234,1
DA:235,1
DA:236,1
DA:237,1
DA:238,1
DA:239,1
DA:240,1
DA:241,1
DA:242,1
DA:243,1
DA:244,1
DA:245,1
DA:246,1
DA:247,1
DA:248,1
DA:249,1
DA:250,1
DA:251,1
DA:252,1
DA:253,1
DA:254,1
DA:255,1
DA:261,1
DA:262,1
DA:263,68
DA:264,360
DA:265,360
DA:266,68
DA:268,1
DA:274,1
DA:276,33
DA:277,33
DA:278,33
DA:280,33
DA:281,33
DA:282,35
DA:283,9
DA:284,9
DA:285,35
DA:286,24
DA:287,24
DA:294,1
DA:295,1
DA:296,1
DA:297,1
DA:298,1
DA:299,1
DA:300,1
DA:301,1
DA:302,1
DA:304,33
DA:305,33
DA:306,113
DA:307,113
DA:308,25
DA:309,25
DA:310,113
DA:311,8
DA:312,8
DA:323,1
DA:324,60
DA:325,60
DA:326,60
DA:332,1
DA:333,21
DA:334,21
DA:350,1
DA:351,33
DA:352,33
DA:353,33
DA:354,33
DA:356,33
DA:357,33
DA:358,33
DA:359,33
DA:362,33
DA:363,33
DA:364,8
DA:365,33
DA:366,5
DA:367,5
DA:368,5
DA:369,5
DA:372,33
DA:373,0
DA:374,0
DA:375,0
DA:378,33
DA:379,9
DA:380,9
DA:382,33
DA:383,33
DA:397,1
DA:398,48
DA:399,48
DA:400,48
DA:401,3
DA:402,3
DA:403,13
DA:404,13
DA:405,13
DA:406,13
DA:407,13
DA:408,13
LF:292
LH:289
BRDA:262,0,0,68
BRDA:263,1,0,360
BRDA:276,2,0,33
BRDA:280,3,0,33
BRDA:281,4,0,35
BRDA:282,5,0,33
BRDA:282,6,0,9
BRDA:285,7,0,24
BRDA:304,8,0,33
BRDA:305,9,0,113
BRDA:307,10,0,26
BRDA:307,11,0,25
BRDA:310,12,0,8
BRDA:323,13,0,60
BRDA:325,14,0,6
BRDA:332,15,0,21
BRDA:350,16,0,33
BRDA:363,17,0,8
BRDA:364,18,0,7
BRDA:365,19,0,5
BRDA:366,20,0,0
BRDA:372,21,0,3
BRDA:372,22,0,0
BRDA:378,23,0,9
BRDA:397,24,0,48
BRDA:398,25,0,1
BRDA:398,26,0,47
BRDA:399,27,0,31
BRDA:399,28,0,0
BRDA:399,29,0,16
BRDA:400,30,0,3
BRDA:402,31,0,13
BRDA:406,32,0,27
BRF:33
BRH:30
end_of_record
TN:
SF:src/enforcement/pipeline.ts
FN:69,buildEnvelope
FN:115,runPipeline
FN:123,finish
FN:160,evaluateByActionClass
FNF:4
FNH:4
FNDA:1,buildEnvelope
FNDA:37,runPipeline
FNDA:37,finish
FNDA:14,evaluateByActionClass
DA:1,1
DA:50,1
DA:51,1
DA:52,1
DA:53,1
DA:54,1
DA:55,1
DA:69,1
DA:70,1
DA:71,1
DA:72,1
DA:73,1
DA:74,1
DA:75,1
DA:76,1
DA:77,1
DA:78,1
DA:79,1
DA:80,1
DA:81,1
DA:82,1
DA:83,1
DA:84,1
DA:85,1
DA:86,1
DA:87,1
DA:88,1
DA:89,1
DA:90,1
DA:91,1
DA:92,1
DA:115,37
DA:116,37
DA:117,37
DA:118,37
DA:119,37
DA:120,37
DA:121,37
DA:123,37
DA:124,37
DA:125,37
DA:126,37
DA:127,37
DA:129,37
DA:131,37
DA:132,7
DA:133,7
DA:136,30
DA:137,37
DA:138,5
DA:139,5
DA:142,21
DA:143,20
DA:144,37
DA:145,5
DA:146,5
DA:147,37
DA:159,1
DA:160,1
DA:161,14
DA:162,14
DA:163,14
DA:164,14
DA:165,14
DA:166,14
DA:167,50
DA:168,2
DA:169,2
DA:170,2
DA:171,50
DA:172,14
DA:173,14
DA:174,1
LF:73
LH:73
BRDA:69,0,0,1
BRDA:115,1,0,37
BRDA:131,2,0,13
BRDA:131,3,0,7
BRDA:133,4,0,35
BRDA:133,5,0,30
BRDA:136,6,0,26
BRDA:137,7,0,5
BRDA:139,8,0,34
BRDA:139,9,0,21
BRDA:142,10,0,20
BRDA:144,11,0,5
BRDA:123,12,0,37
BRDA:160,13,0,14
BRDA:166,14,0,50
BRDA:167,15,0,2
BRF:16
BRH:16
end_of_record
TN:
SF:src/enforcement/stage1-capability.ts
FN:26,validateCapability
FNF:1
FNH:1
FNDA:26,validateCapability
DA:1,1
DA:26,26
DA:27,26
DA:28,26
DA:29,26
DA:30,26
DA:31,26
DA:33,26
DA:34,26
DA:35,5
DA:36,26
DA:37,3
DA:38,3
DA:41,26
DA:42,8
DA:43,8
DA:46,26
DA:47,1
DA:48,1
DA:51,14
DA:52,26
DA:53,1
DA:54,1
DA:55,26
DA:56,1
DA:57,1
DA:60,11
DA:61,11
DA:62,11
DA:63,26
DA:64,2
DA:65,2
DA:68,26
DA:69,1
DA:70,1
DA:73,26
DA:74,1
DA:75,1
DA:77,6
DA:78,10
DA:79,2
DA:80,2
DA:81,26
LF:43
LH:43
BRDA:26,0,0,26
BRDA:34,1,0,5
BRDA:35,2,0,3
BRDA:36,3,0,3
BRDA:38,4,0,23
BRDA:41,5,0,8
BRDA:43,6,0,15
BRDA:46,7,0,1
BRDA:48,8,0,14
BRDA:52,9,0,1
BRDA:54,10,0,12
BRDA:55,11,0,1
BRDA:57,12,0,11
BRDA:63,13,0,2
BRDA:65,14,0,9
BRDA:68,15,0,1
BRDA:70,16,0,7
BRDA:73,17,0,1
BRDA:73,18,0,1
BRDA:75,19,0,10
BRDA:75,20,0,6
BRDA:78,21,0,2
BRF:22
BRH:22
end_of_record
TN:
SF:src/enforcement/stage2-policy.ts
FN:40,createStage2
FN:72,createEnforcementEngine
FNF:2
FNH:2
FNDA:23,createStage2
FNDA:11,createEnforcementEngine
DA:1,1
DA:40,1
DA:41,23
DA:42,24
DA:43,24
DA:44,24
DA:45,24
DA:46,24
DA:47,24
DA:49,24
DA:50,24
DA:51,24
DA:52,24
DA:53,24
DA:54,24
DA:55,1
DA:56,1
DA:57,24
DA:58,23
DA:72,1
DA:73,11
DA:74,11
DA:75,11
DA:76,11
DA:77,8
DA:78,8
DA:79,11
DA:80,11
LF:28
LH:28
BRDA:40,0,0,23
BRDA:41,1,0,24
BRDA:51,2,0,7
BRDA:54,3,0,1
BRDA:72,4,0,11
BRDA:76,5,0,8
BRF:6
BRH:6
end_of_record
TN:
SF:src/hitl/approval-manager.ts
FN:58,uuidv7
FN:84,computeBinding
FN:91,generateToken
FN:106,<instance_members_initializer>
FN:113,createApprovalRequest
FN:175,resolveApproval
FN:195,cancel
FN:206,isConsumed
FN:211,getPending
FN:219,get size
FN:224,shutdown
FNF:11
FNH:11
FNDA:288,uuidv7
FNDA:55,computeBinding
FNDA:1,generateToken
FNDA:42,<instance_members_initializer>
FNDA:29,createApprovalRequest
FNDA:13,resolveApproval
FNDA:3,cancel
FNDA:11,isConsumed
FNDA:4,getPending
FNDA:11,get size
FNDA:58,shutdown
DA:1,1
DA:58,1
DA:59,288
DA:60,288
DA:63,288
DA:64,288
DA:65,288
DA:66,288
DA:67,288
DA:68,288
DA:71,288
DA:73,288
DA:75,288
DA:76,288
DA:77,288
DA:84,1
DA:85,55
DA:86,55
DA:87,55
DA:88,55
DA:91,1
DA:92,1
DA:93,1
DA:105,1
DA:106,1
DA:107,42
DA:113,1
DA:114,29
DA:115,29
DA:116,29
DA:117,29
DA:118,29
DA:121,29
DA:122,29
DA:123,3
DA:124,26
DA:126,29
DA:128,29
DA:129,29
DA:130,29
DA:131,29
DA:133,29
DA:134,3
DA:135,3
DA:136,3
DA:137,29
DA:140,29
DA:141,29
DA:142,29
DA:144,29
DA:145,29
DA:146,29
DA:147,29
DA:148,29
DA:149,29
DA:150,29
DA:151,29
DA:152,29
DA:153,29
DA:154,29
DA:155,29
DA:156,29
DA:157,29
DA:158,29
DA:159,29
DA:160,29
DA:162,29
DA:163,29
DA:164,29
DA:175,1
DA:176,13
DA:177,13
DA:180,13
DA:181,1
DA:182,1
DA:184,10
DA:185,10
DA:186,10
DA:187,10
DA:188,10
DA:189,13
DA:195,1
DA:196,3
DA:197,3
DA:199,2
DA:200,2
DA:201,2
DA:202,2
DA:203,3
DA:206,1
DA:207,11
DA:208,11
DA:211,1
DA:212,4
DA:213,4
DA:214,3
DA:215,3
DA:216,4
DA:219,1
DA:220,11
DA:221,11
DA:224,1
DA:225,58
DA:226,14
DA:227,14
DA:228,14
DA:229,14
DA:230,58
DA:231,58
DA:232,1
LF:110
LH:110
BRDA:58,0,0,288
BRDA:84,1,0,55
BRDA:91,2,0,1
BRDA:106,3,0,42
BRDA:113,4,0,29
BRDA:114,5,0,24
BRDA:115,6,0,23
BRDA:116,7,0,25
BRDA:117,8,0,28
BRDA:122,9,0,4
BRDA:122,10,0,3
BRDA:123,11,0,26
BRDA:129,12,0,29
BRDA:133,13,0,3
BRDA:175,14,0,13
BRDA:177,15,0,2
BRDA:177,16,0,11
BRDA:180,17,0,2
BRDA:180,18,0,1
BRDA:182,19,0,10
BRDA:195,20,0,3
BRDA:197,21,0,1
BRDA:197,22,0,2
BRDA:206,23,0,11
BRDA:211,24,0,4
BRDA:213,25,0,1
BRDA:213,26,0,3
BRDA:219,27,0,11
BRDA:224,28,0,58
BRDA:225,29,0,14
BRF:30
BRH:30
end_of_record
TN:
SF:src/hitl/index.ts
FNF:0
FNH:0
DA:1,1
LF:1
LH:1
BRF:0
BRH:0
end_of_record
TN:
SF:src/hitl/matcher.ts
FN:14,matchesActionPattern
FN:44,checkAction
FNF:2
FNH:2
FNDA:46,matchesActionPattern
FNDA:7,checkAction
DA:14,1
DA:15,46
DA:16,46
DA:18,37
DA:19,37
DA:21,46
DA:23,32
DA:24,32
DA:44,1
DA:45,7
DA:46,7
DA:47,7
DA:48,7
DA:49,13
DA:50,18
DA:51,6
DA:52,6
DA:53,18
DA:54,7
DA:55,1
DA:56,1
LF:21
LH:21
BRDA:14,0,0,46
BRDA:15,1,0,4
BRDA:15,2,0,42
BRDA:16,3,0,5
BRDA:16,4,0,37
BRDA:21,5,0,5
BRDA:21,6,0,32
BRDA:23,7,0,50
BRDA:23,8,0,35
BRDA:44,9,0,7
BRDA:48,10,0,13
BRDA:49,11,0,18
BRDA:50,12,0,6
BRDA:53,13,0,7
BRDA:54,14,0,1
BRF:15
BRH:15
end_of_record
TN:
SF:src/hitl/parser.ts
FN:8,HitlPolicyParseError
FN:19,HitlPolicyValidationError
FN:35,deserialise
FN:50,validateHitlPolicyConfig
FN:73,parseHitlPolicyFile
FNF:5
FNH:5
FNDA:7,HitlPolicyParseError
FNDA:12,HitlPolicyValidationError
FNDA:7,deserialise
FNDA:19,validateHitlPolicyConfig
FNDA:12,parseHitlPolicyFile
DA:1,1
DA:7,1
DA:8,1
DA:9,7
DA:10,7
DA:11,7
DA:12,7
DA:13,7
DA:14,7
DA:15,1
DA:18,1
DA:19,1
DA:20,12
DA:21,12
DA:22,12
DA:23,12
DA:24,12
DA:25,12
DA:26,12
DA:27,12
DA:28,1
DA:35,7
DA:36,7
DA:37,7
DA:38,2
DA:39,2
DA:40,2
DA:41,5
DA:42,5
DA:50,1
DA:51,19
DA:52,19
DA:53,19
DA:54,19
DA:55,12
DA:56,12
DA:57,12
DA:58,12
DA:59,12
DA:60,7
DA:61,7
DA:73,12
DA:74,12
DA:75,12
DA:76,12
DA:77,12
DA:78,12
DA:79,12
DA:80,5
DA:81,5
DA:83,7
DA:84,7
DA:85,7
DA:86,10
DA:87,2
DA:88,2
DA:90,5
DA:91,5
LF:58
LH:58
BRDA:8,0,0,7
BRDA:19,1,0,12
BRDA:35,2,0,7
BRDA:37,3,0,6
BRDA:37,4,0,2
BRDA:40,5,0,5
BRDA:50,6,0,19
BRDA:54,7,0,12
BRDA:59,8,0,7
BRDA:56,9,0,17
BRDA:73,10,0,12
BRDA:78,11,0,7
BRDA:79,12,0,5
BRDA:81,13,0,10
BRDA:81,14,0,7
BRDA:85,15,0,5
BRDA:86,16,0,2
BRDA:88,17,0,5
BRF:18
BRH:18
end_of_record
TN:
SF:src/hitl/slack.ts
FN:20,resolveSlackConfig
FN:68,sendSlackApprovalRequest
FN:158,sendSlackConfirmation
FN:203,verifySlackSignature
FN:235,SlackInteractionServer
FN:239,<instance_members_initializer>
FN:241,start
FN:257,stop
FN:271,handleRequest
FNF:9
FNH:8
FNDA:6,resolveSlackConfig
FNDA:4,sendSlackApprovalRequest
FNDA:0,sendSlackConfirmation
FNDA:7,verifySlackSignature
FNDA:6,SlackInteractionServer
FNDA:6,<instance_members_initializer>
FNDA:6,start
FNDA:6,stop
FNDA:4,handleRequest
DA:1,1
DA:5,1
DA:6,1
DA:7,1
DA:20,1
DA:21,6
DA:22,6
DA:23,6
DA:24,6
DA:25,6
DA:26,6
DA:28,3
DA:29,3
DA:30,1
DA:31,2
DA:33,6
DA:34,6
DA:68,4
DA:69,4
DA:70,4
DA:71,4
DA:72,4
DA:73,4
DA:74,0
DA:75,0
DA:76,0
DA:77,0
DA:78,0
DA:79,4
DA:80,4
DA:81,4
DA:82,4
DA:83,4
DA:84,4
DA:85,4
DA:86,4
DA:87,4
DA:88,4
DA:89,4
DA:90,4
DA:91,4
DA:93,4
DA:94,4
DA:95,4
DA:96,4
DA:97,4
DA:98,4
DA:99,4
DA:100,4
DA:101,4
DA:102,4
DA:103,4
DA:104,4
DA:105,4
DA:106,4
DA:107,4
DA:108,4
DA:109,4
DA:110,4
DA:111,4
DA:112,4
DA:113,4
DA:114,4
DA:115,4
DA:116,4
DA:117,4
DA:118,4
DA:119,4
DA:120,4
DA:121,4
DA:123,4
DA:124,4
DA:125,4
DA:126,4
DA:127,4
DA:128,4
DA:129,4
DA:130,4
DA:131,4
DA:132,4
DA:133,4
DA:134,4
DA:135,4
DA:137,4
DA:138,1
DA:139,1
DA:140,1
DA:142,2
DA:143,4
DA:144,1
DA:145,1
DA:146,1
DA:148,1
DA:149,1
DA:150,1
DA:151,1
DA:152,1
DA:153,4
DA:158,0
DA:159,0
DA:160,0
DA:161,0
DA:162,0
DA:163,0
DA:164,0
DA:165,0
DA:166,0
DA:167,0
DA:168,0
DA:169,0
DA:170,0
DA:171,0
DA:173,0
DA:174,0
DA:175,0
DA:176,0
DA:177,0
DA:178,0
DA:179,0
DA:180,0
DA:181,0
DA:182,0
DA:183,0
DA:184,0
DA:185,0
DA:186,0
DA:187,0
DA:189,0
DA:190,0
DA:196,1
DA:203,1
DA:204,7
DA:205,7
DA:206,7
DA:207,7
DA:208,7
DA:209,7
DA:210,7
DA:213,6
DA:214,7
DA:216,5
DA:217,5
DA:219,5
DA:220,5
DA:221,7
DA:222,2
DA:223,2
DA:224,7
DA:232,1
DA:233,1
DA:235,1
DA:236,6
DA:237,6
DA:238,6
DA:239,6
DA:241,1
DA:242,6
DA:243,6
DA:245,6
DA:246,0
DA:247,0
DA:248,6
DA:250,6
DA:251,6
DA:252,6
DA:253,6
DA:254,6
DA:255,6
DA:257,1
DA:258,6
DA:259,6
DA:260,0
DA:261,0
DA:262,0
DA:263,6
DA:264,6
DA:265,6
DA:266,6
DA:267,6
DA:268,6
DA:269,6
DA:271,1
DA:273,4
DA:274,1
DA:275,1
DA:276,1
DA:277,1
DA:279,3
DA:280,3
DA:281,3
DA:282,3
DA:285,3
DA:286,3
DA:288,3
DA:289,1
DA:290,1
DA:291,1
DA:292,1
DA:293,1
DA:296,2
DA:297,2
DA:300,2
DA:301,2
DA:302,2
DA:303,2
DA:305,2
DA:310,3
DA:312,2
DA:313,2
DA:314,2
DA:315,2
DA:316,2
DA:317,2
DA:318,2
DA:319,2
DA:320,2
DA:321,3
DA:322,0
DA:323,0
DA:324,3
DA:325,4
DA:326,1
LF:222
LH:179
BRDA:20,0,0,6
BRDA:23,1,0,4
BRDA:23,2,0,3
BRDA:24,3,0,4
BRDA:24,4,0,3
BRDA:25,5,0,5
BRDA:25,6,0,3
BRDA:26,7,0,4
BRDA:26,8,0,4
BRDA:26,9,0,3
BRDA:29,10,0,1
BRDA:30,11,0,2
BRDA:31,12,0,1
BRDA:68,13,0,4
BRDA:73,14,0,0
BRDA:87,15,0,0
BRDA:88,16,0,0
BRDA:89,17,0,0
BRDA:90,18,0,0
BRDA:135,19,0,3
BRDA:137,20,0,1
BRDA:140,21,0,2
BRDA:143,22,0,1
BRDA:203,23,0,7
BRDA:210,24,0,1
BRDA:210,25,0,6
BRDA:214,26,0,1
BRDA:214,27,0,5
BRDA:221,28,0,2
BRDA:235,29,0,6
BRDA:239,30,0,6
BRDA:241,31,0,6
BRDA:242,32,0,6
BRDA:243,33,0,4
BRDA:250,34,0,6
BRDA:257,35,0,6
BRDA:258,36,0,6
BRDA:259,37,0,0
BRDA:263,38,0,6
BRDA:271,39,0,4
BRDA:273,40,0,1
BRDA:277,41,0,3
BRDA:280,42,0,3
BRDA:281,43,0,3
BRDA:288,44,0,1
BRDA:293,45,0,2
BRDA:303,46,0,0
BRDA:303,47,0,2
BRDA:310,48,0,0
BRDA:310,49,0,2
BRDA:313,50,0,0
BRDA:321,51,0,0
BRF:52
BRH:42
end_of_record
TN:
SF:src/hitl/telegram.ts
FN:16,resolveTelegramConfig
FN:51,sendApprovalRequest
FN:102,sendConfirmation
FN:139,TelegramListener
FN:145,start
FN:157,stop
FN:166,poll
FN:214,delay
FNF:8
FNH:6
FNDA:7,resolveTelegramConfig
FNDA:3,sendApprovalRequest
FNDA:0,sendConfirmation
FNDA:6,TelegramListener
FNDA:6,start
FNDA:7,stop
FNDA:6,poll
FNDA:0,delay
DA:3,1
DA:4,1
DA:5,1
DA:16,1
DA:17,7
DA:18,7
DA:19,7
DA:20,7
DA:21,7
DA:22,3
DA:23,3
DA:51,3
DA:52,3
DA:53,3
DA:54,3
DA:55,3
DA:56,3
DA:57,0
DA:58,0
DA:59,0
DA:60,0
DA:61,0
DA:62,3
DA:63,3
DA:64,3
DA:65,3
DA:66,3
DA:67,3
DA:68,3
DA:69,3
DA:70,3
DA:71,3
DA:72,3
DA:73,3
DA:74,3
DA:75,3
DA:76,3
DA:78,3
DA:79,3
DA:80,3
DA:81,3
DA:82,3
DA:83,3
DA:84,3
DA:85,3
DA:86,3
DA:87,3
DA:88,3
DA:89,1
DA:90,1
DA:91,1
DA:92,1
DA:93,1
DA:94,1
DA:95,1
DA:96,1
DA:97,3
DA:102,0
DA:103,0
DA:104,0
DA:105,0
DA:106,0
DA:107,0
DA:109,0
DA:110,0
DA:111,0
DA:112,0
DA:113,0
DA:114,0
DA:115,0
DA:116,0
DA:117,0
DA:118,0
DA:119,0
DA:121,0
DA:122,0
DA:126,1
DA:134,1
DA:135,1
DA:136,1
DA:137,1
DA:139,1
DA:140,6
DA:141,6
DA:142,6
DA:145,1
DA:146,6
DA:147,6
DA:148,6
DA:149,0
DA:150,0
DA:151,0
DA:152,6
DA:153,6
DA:154,6
DA:157,1
DA:158,7
DA:159,7
DA:160,6
DA:161,6
DA:162,6
DA:163,7
DA:164,7
DA:166,1
DA:167,6
DA:168,11
DA:169,11
DA:170,11
DA:172,11
DA:174,11
DA:175,0
DA:176,0
DA:177,0
DA:178,0
DA:180,5
DA:188,11
DA:189,0
DA:190,0
DA:191,0
DA:193,11
DA:194,8
DA:195,8
DA:196,8
DA:198,8
DA:199,8
DA:200,5
DA:201,5
DA:202,5
DA:203,5
DA:204,8
DA:205,11
DA:206,1
DA:207,1
DA:208,0
DA:209,0
DA:210,0
DA:211,11
DA:212,6
DA:214,1
DA:215,0
DA:216,0
DA:217,0
DA:218,0
DA:219,0
DA:220,1
LF:145
LH:103
BRDA:16,0,0,7
BRDA:19,1,0,4
BRDA:19,2,0,2
BRDA:20,3,0,5
BRDA:20,4,0,3
BRDA:21,5,0,4
BRDA:21,6,0,4
BRDA:21,7,0,3
BRDA:51,8,0,3
BRDA:56,9,0,0
BRDA:70,10,0,0
BRDA:71,11,0,0
BRDA:72,12,0,0
BRDA:73,13,0,0
BRDA:87,14,0,2
BRDA:88,15,0,1
BRDA:139,16,0,6
BRDA:145,17,0,6
BRDA:146,18,0,0
BRDA:157,19,0,7
BRDA:159,20,0,6
BRDA:166,21,0,6
BRDA:167,22,0,11
BRDA:172,23,0,5
BRDA:174,24,0,0
BRDA:178,25,0,5
BRDA:188,26,0,0
BRDA:191,27,0,5
BRDA:193,28,0,8
BRDA:196,29,0,0
BRDA:199,30,0,5
BRDA:204,31,0,5
BRDA:205,32,0,1
BRDA:206,33,0,0
BRDA:207,34,0,0
BRF:35
BRH:24
end_of_record
TN:
SF:src/hitl/types.ts
FNF:0
FNH:0
DA:1,1
DA:4,1
DA:5,1
DA:6,1
DA:7,1
DA:10,1
DA:12,1
DA:14,1
DA:16,1
DA:17,1
DA:23,1
DA:25,1
DA:27,1
DA:37,1
DA:39,1
DA:41,1
DA:42,1
DA:45,1
DA:47,1
DA:49,1
DA:50,1
DA:53,1
DA:55,1
DA:57,1
DA:59,1
DA:61,1
DA:62,1
DA:65,1
DA:67,1
DA:69,1
DA:71,1
DA:73,1
DA:74,1
LF:33
LH:33
BRF:0
BRH:0
end_of_record
TN:
SF:src/hitl/watcher.ts
FN:22,startHitlPolicyWatcher
FN:31,reload
FN:59,stop
FNF:3
FNH:3
FNDA:8,startHitlPolicyWatcher
FNDA:2,reload
FNDA:9,stop
DA:1,1
DA:22,1
DA:23,8
DA:24,8
DA:25,8
DA:26,8
DA:27,8
DA:28,8
DA:29,8
DA:31,8
DA:32,2
DA:33,2
DA:34,0
DA:35,0
DA:36,2
DA:37,2
DA:38,2
DA:39,2
DA:40,2
DA:41,2
DA:42,2
DA:43,2
DA:44,2
DA:46,8
DA:47,8
DA:48,8
DA:49,8
DA:51,8
DA:52,7
DA:53,7
DA:54,8
DA:56,8
DA:58,8
DA:59,8
DA:60,9
DA:61,8
DA:62,9
DA:63,3
DA:64,3
DA:65,3
DA:66,8
DA:67,8
DA:68,9
DA:69,8
DA:70,8
LF:45
LH:43
BRDA:22,0,0,8
BRDA:31,1,0,2
BRDA:33,2,0,0
BRDA:36,3,0,0
BRDA:51,4,0,7
BRDA:52,5,0,4
BRDA:53,6,0,2
BRDA:59,7,0,9
BRDA:60,8,0,1
BRDA:60,9,0,8
BRDA:62,10,0,3
BRDA:65,11,0,8
BRF:12
BRH:10
end_of_record
TN:
SF:src/policy/bundle.ts
FN:61,validateBundle
FNF:1
FNH:1
FNDA:20,validateBundle
DA:1,1
DA:7,1
DA:8,1
DA:9,1
DA:10,1
DA:11,1
DA:12,1
DA:13,1
DA:14,1
DA:15,1
DA:16,1
DA:17,1
DA:18,1
DA:20,1
DA:21,1
DA:22,1
DA:23,1
DA:24,1
DA:61,1
DA:63,20
DA:64,6
DA:65,6
DA:66,6
DA:67,6
DA:68,6
DA:71,20
DA:72,15
DA:73,15
DA:74,2
DA:75,2
DA:76,2
DA:77,2
DA:78,2
DA:79,15
DA:82,20
DA:83,3
DA:84,3
DA:85,3
DA:86,3
DA:87,3
DA:90,9
DA:91,9
DA:92,9
DA:93,20
DA:94,2
DA:95,2
DA:96,2
DA:97,2
DA:98,2
DA:100,7
DA:101,7
LF:51
LH:51
BRDA:61,0,0,20
BRDA:63,1,0,6
BRDA:68,2,0,14
BRDA:71,3,0,15
BRDA:73,4,0,12
BRDA:73,5,0,2
BRDA:79,6,0,12
BRDA:82,7,0,3
BRDA:87,8,0,9
BRDA:93,9,0,2
BRDA:98,10,0,7
BRDA:65,11,0,9
BRF:12
BRH:12
end_of_record
TN:
SF:src/policy/coverage.ts
FN:54,<instance_members_initializer>
FN:57,cellKey
FN:74,record
FN:101,get
FN:109,entries
FN:119,reset
FNF:6
FNH:6
FNDA:18,<instance_members_initializer>
FNDA:33,cellKey
FNDA:22,record
FNDA:11,get
FNDA:6,entries
FNDA:3,reset
DA:53,1
DA:54,1
DA:57,1
DA:58,33
DA:59,33
DA:74,1
DA:75,22
DA:76,22
DA:77,22
DA:78,22
DA:79,22
DA:80,22
DA:81,22
DA:82,22
DA:83,22
DA:85,22
DA:86,22
DA:87,2
DA:88,20
DA:90,22
DA:91,3
DA:92,19
DA:94,22
DA:95,22
DA:101,1
DA:102,11
DA:103,11
DA:109,1
DA:110,6
DA:111,5
DA:112,5
DA:113,5
DA:114,5
DA:115,6
DA:116,6
DA:119,1
DA:120,3
DA:121,3
DA:122,1
LF:39
LH:39
BRDA:54,0,0,18
BRDA:57,1,0,33
BRDA:74,2,0,22
BRDA:82,3,0,4
BRDA:82,4,0,18
BRDA:86,5,0,2
BRDA:86,6,0,2
BRDA:87,7,0,20
BRDA:88,8,0,4
BRDA:90,9,0,3
BRDA:91,10,0,19
BRDA:101,11,0,11
BRDA:109,12,0,6
BRDA:110,13,0,5
BRDA:119,14,0,3
BRF:15
BRH:15
end_of_record
TN:
SF:src/policy/engine.ts
FN:75,matchesPattern
FN:89,<instance_members_initializer>
FN:93,get rules
FN:100,PolicyEngine
FN:115,addRule
FN:125,addRules
FN:135,clearRules
FN:144,cleanup
FN:164,destroy
FN:183,evaluate
FN:284,evaluateByActionClass
FN:293,mapActionClassToResource
FN:308,checkAndRecordRateLimit
FNF:13
FNH:12
FNDA:103,matchesPattern
FNDA:94,<instance_members_initializer>
FNDA:5,get rules
FNDA:94,PolicyEngine
FNDA:64,addRule
FNDA:16,addRules
FNDA:3,clearRules
FNDA:1,cleanup
FNDA:0,destroy
FNDA:100,evaluate
FNDA:19,evaluateByActionClass
FNDA:19,mapActionClassToResource
FNDA:24,checkAndRecordRateLimit
DA:75,103
DA:76,103
DA:77,103
DA:78,59
DA:79,59
DA:83,1
DA:88,1
DA:89,1
DA:90,94
DA:93,94
DA:94,5
DA:95,5
DA:97,94
DA:98,94
DA:100,1
DA:101,94
DA:102,94
DA:103,94
DA:104,0
DA:106,0
DA:107,0
DA:108,94
DA:115,1
DA:116,64
DA:117,64
DA:125,1
DA:126,16
DA:127,28
DA:128,28
DA:129,16
DA:135,1
DA:136,3
DA:137,3
DA:138,3
DA:144,1
DA:145,1
DA:146,1
DA:147,1
DA:148,1
DA:149,1
DA:150,1
DA:151,1
DA:152,1
DA:153,1
DA:154,0
DA:155,0
DA:156,1
DA:157,1
DA:158,1
DA:159,1
DA:160,1
DA:161,1
DA:164,1
DA:165,0
DA:166,0
DA:167,0
DA:168,0
DA:169,0
DA:183,1
DA:184,100
DA:185,100
DA:186,100
DA:187,100
DA:188,100
DA:190,100
DA:191,112
DA:192,103
DA:193,103
DA:194,112
DA:195,89
DA:196,89
DA:199,100
DA:200,87
DA:201,32
DA:202,32
DA:203,32
DA:204,32
DA:205,32
DA:206,32
DA:207,87
DA:210,98
DA:211,50
DA:212,50
DA:213,24
DA:214,24
DA:215,7
DA:216,7
DA:217,7
DA:218,7
DA:219,7
DA:220,7
DA:221,7
DA:222,7
DA:223,7
DA:224,7
DA:225,7
DA:226,7
DA:227,0
DA:228,7
DA:229,7
DA:230,7
DA:231,17
DA:232,17
DA:233,24
DA:234,24
DA:235,24
DA:236,24
DA:237,24
DA:238,24
DA:239,24
DA:240,24
DA:241,17
DA:242,0
DA:243,24
DA:244,24
DA:245,24
DA:246,26
DA:247,26
DA:248,50
DA:249,50
DA:250,50
DA:251,50
DA:252,50
DA:255,18
DA:256,18
DA:257,18
DA:258,6
DA:259,12
DA:260,100
DA:261,100
DA:284,1
DA:285,19
DA:286,19
DA:287,19
DA:288,19
DA:289,19
DA:290,19
DA:291,19
DA:293,1
DA:294,19
DA:295,18
DA:296,18
DA:297,19
DA:298,19
DA:299,19
DA:300,19
DA:301,19
DA:302,19
DA:303,19
DA:304,19
DA:305,19
DA:306,19
DA:308,1
DA:309,24
DA:310,24
DA:311,24
DA:312,24
DA:313,24
DA:314,24
DA:315,24
DA:316,24
DA:318,24
DA:319,11
DA:320,11
DA:321,24
DA:324,24
DA:325,24
DA:327,24
DA:329,7
DA:330,7
DA:331,7
DA:332,7
DA:333,7
DA:334,7
DA:335,7
DA:336,7
DA:337,7
DA:340,17
DA:341,17
DA:342,17
DA:343,17
DA:344,24
DA:345,1
LF:183
LH:171
BRDA:75,0,0,103
BRDA:76,1,0,37
BRDA:76,2,0,66
BRDA:77,3,0,7
BRDA:77,4,0,59
BRDA:89,5,0,94
BRDA:93,6,0,5
BRDA:100,7,0,94
BRDA:101,8,0,86
BRDA:103,9,0,0
BRDA:115,10,0,64
BRDA:125,11,0,16
BRDA:126,12,0,28
BRDA:135,13,0,3
BRDA:144,14,0,1
BRDA:147,15,0,0
BRDA:153,16,0,0
BRDA:150,17,0,1
BRDA:183,18,0,100
BRDA:190,19,0,112
BRDA:191,20,0,9
BRDA:191,21,0,103
BRDA:192,22,0,0
BRDA:192,23,0,103
BRDA:193,24,0,10
BRDA:193,25,0,93
BRDA:194,26,0,8
BRDA:194,27,0,4
BRDA:194,28,0,89
BRDA:199,29,0,87
BRDA:200,30,0,32
BRDA:203,31,0,8
BRDA:203,32,0,24
BRDA:207,33,0,98
BRDA:207,34,0,68
BRDA:210,35,0,50
BRDA:212,36,0,24
BRDA:214,37,0,7
BRDA:226,38,0,0
BRDA:230,39,0,17
BRDA:233,40,0,0
BRDA:233,41,0,17
BRDA:240,42,0,17
BRDA:241,43,0,0
BRDA:245,44,0,26
BRDA:248,45,0,2
BRDA:248,46,0,24
BRDA:252,47,0,93
BRDA:252,48,0,18
BRDA:257,49,0,6
BRDA:258,50,0,12
BRDA:284,51,0,19
BRDA:293,52,0,19
BRDA:294,53,0,1
BRDA:294,54,0,18
BRDA:297,55,0,5
BRDA:298,56,0,2
BRDA:299,57,0,2
BRDA:300,58,0,2
BRDA:301,59,0,2
BRDA:302,60,0,2
BRDA:303,61,0,2
BRDA:304,62,0,1
BRDA:308,63,0,24
BRDA:318,64,0,11
BRDA:324,65,0,13
BRDA:327,66,0,7
BRDA:331,67,0,0
BRDA:335,68,0,0
BRDA:337,69,0,17
BRDA:325,70,0,13
BRF:71
BRH:62
end_of_record
TN:
SF:src/policy/exporter.ts
FN:48,serializeRule
FN:79,exportBuiltinRules
FN:96,writeBuiltinRulesJson
FNF:3
FNH:3
FNDA:85,serializeRule
FNDA:17,exportBuiltinRules
FNDA:4,writeBuiltinRulesJson
DA:1,1
DA:48,85
DA:49,85
DA:50,85
DA:51,85
DA:52,85
DA:53,85
DA:54,85
DA:55,85
DA:56,85
DA:58,85
DA:59,85
DA:60,85
DA:61,85
DA:62,85
DA:64,85
DA:65,85
DA:79,1
DA:80,17
DA:81,17
DA:82,17
DA:83,17
DA:84,17
DA:85,17
DA:86,17
DA:87,17
DA:96,4
DA:97,4
DA:98,4
DA:99,4
LF:30
LH:30
BRDA:48,0,0,85
BRDA:52,1,0,0
BRDA:53,2,0,17
BRDA:53,3,0,68
BRDA:53,4,0,0
BRDA:58,5,0,17
BRDA:59,6,0,17
BRDA:60,7,0,17
BRDA:61,8,0,17
BRDA:62,9,0,0
BRDA:79,10,0,17
BRDA:96,11,0,4
BRF:12
BRH:9
end_of_record
TN:
SF:src/policy/loader.ts
FN:50,PolicyLoadError
FN:71,loadPolicyFile
FNF:2
FNH:2
FNDA:6,PolicyLoadError
FNDA:10,loadPolicyFile
DA:1,1
DA:7,1
DA:8,1
DA:9,1
DA:10,1
DA:18,1
DA:19,1
DA:20,1
DA:21,1
DA:22,1
DA:23,1
DA:24,1
DA:25,1
DA:26,1
DA:32,1
DA:33,1
DA:34,1
DA:35,1
DA:36,1
DA:49,1
DA:50,1
DA:51,6
DA:52,6
DA:53,6
DA:54,1
DA:71,10
DA:72,10
DA:73,10
DA:74,10
DA:75,10
DA:76,1
DA:77,1
DA:79,9
DA:80,9
DA:81,9
DA:82,10
DA:83,1
DA:84,1
DA:86,10
DA:87,4
DA:88,4
DA:89,4
DA:90,4
DA:91,4
DA:92,4
DA:93,4
DA:95,4
DA:96,4
LF:48
LH:48
BRDA:50,0,0,6
BRDA:71,1,0,10
BRDA:74,2,0,9
BRDA:75,3,0,1
BRDA:77,4,0,9
BRDA:82,5,0,1
BRDA:84,6,0,8
BRDA:86,7,0,4
BRDA:88,8,0,6
BRF:9
BRH:9
end_of_record
TN:
SF:src/policy/rules.ts
FNF:0
FNH:0
DA:1,1
LF:1
LH:1
BRF:0
BRH:0
end_of_record
TN:
SF:src/policy/types.ts
FN:1,(empty-report)
FNF:1
FNH:1
FNDA:1,(empty-report)
LF:0
LH:0
BRDA:1,0,0,1
BRF:1
BRH:1
end_of_record
TN:
SF:src/policy/rules/default.ts
FNF:0
FNH:0
DA:17,1
DA:25,1
DA:26,1
DA:27,1
DA:28,1
DA:29,1
DA:30,1
DA:31,1
DA:37,1
DA:38,1
DA:39,1
DA:40,1
DA:41,1
DA:42,1
DA:43,1
DA:51,1
DA:52,1
DA:53,1
DA:54,1
DA:55,1
DA:56,1
DA:57,1
DA:62,1
DA:63,1
DA:64,1
DA:65,1
DA:66,1
DA:67,1
DA:68,1
DA:74,1
DA:75,1
DA:76,1
DA:77,1
DA:78,1
DA:79,1
DA:80,1
DA:85,1
DA:86,1
DA:87,1
DA:88,1
DA:89,1
DA:90,1
DA:91,1
DA:99,1
DA:100,1
DA:101,1
DA:102,1
DA:103,1
DA:104,1
DA:105,1
DA:111,1
DA:112,1
DA:113,1
DA:114,1
DA:115,1
DA:116,1
DA:117,1
DA:123,1
DA:124,1
DA:125,1
DA:126,1
DA:127,1
DA:128,1
DA:129,1
DA:131,1
DA:133,1
LF:66
LH:66
BRF:0
BRH:0
end_of_record
TN:
SF:src/policy/rules/index.ts
FN:20,mergeRules
FNF:1
FNH:1
FNDA:1,mergeRules
DA:1,1
DA:20,1
DA:21,1
DA:22,1
DA:33,1
DA:34,1
DA:35,1
DA:36,1
DA:38,1
LF:9
LH:9
BRDA:20,0,0,1
BRF:1
BRH:1
end_of_record
